{"uid":"16a8a7a04fb512de","name":"Verify Book unit button able to click after entering all the mandatory details.","fullName":"Test.Person.SalesOrderGenrations.bookUnitAfterClickAllMandatoryDetailsTC001","historyId":"19b3313830c3ed2e357da29a0ba74754","time":{"start":1690521672716,"stop":1690521672776,"duration":60},"status":"broken","statusMessage":"Cannot invoke \"Utility.Sparkreport.create_info(String)\" because \"Utility.LogResults.report\" is null","statusTrace":"java.lang.NullPointerException: Cannot invoke \"Utility.Sparkreport.create_info(String)\" because \"Utility.LogResults.report\" is null\r\n\tat Utility.LogResults.onTestSkipped(LogResults.java:49)\r\n\tat org.testng.internal.TestListenerHelper.runTestListeners(TestListenerHelper.java:90)\r\n\tat org.testng.internal.invokers.TestInvoker.runTestResultListener(TestInvoker.java:276)\r\n\tat org.testng.internal.invokers.TestInvoker.invokeListenersForSkippedTestResult(TestInvoker.java:512)\r\n\tat org.testng.internal.invokers.TestInvoker.invokeMethod(TestInvoker.java:611)\r\n\tat org.testng.internal.invokers.TestInvoker.invokeTestMethod(TestInvoker.java:220)\r\n\tat org.testng.internal.invokers.MethodRunner.runInSequence(MethodRunner.java:50)\r\n\tat org.testng.internal.invokers.TestInvoker$MethodInvocationAgent.invoke(TestInvoker.java:945)\r\n\tat org.testng.internal.invokers.TestInvoker.invokeTestMethods(TestInvoker.java:193)\r\n\tat org.testng.internal.invokers.TestMethodWorker.invokeTestMethods(TestMethodWorker.java:146)\r\n\tat org.testng.internal.invokers.TestMethodWorker.run(TestMethodWorker.java:128)\r\n\tat java.base/java.util.ArrayList.forEach(ArrayList.java:1511)\r\n\tat org.testng.TestRunner.privateRun(TestRunner.java:808)\r\n\tat org.testng.TestRunner.run(TestRunner.java:603)\r\n\tat org.testng.SuiteRunner.runTest(SuiteRunner.java:429)\r\n\tat org.testng.SuiteRunner.runSequentially(SuiteRunner.java:423)\r\n\tat org.testng.SuiteRunner.privateRun(SuiteRunner.java:383)\r\n\tat org.testng.SuiteRunner.run(SuiteRunner.java:326)\r\n\tat org.testng.SuiteRunnerWorker.runSuite(SuiteRunnerWorker.java:52)\r\n\tat org.testng.SuiteRunnerWorker.run(SuiteRunnerWorker.java:95)\r\n\tat org.testng.TestNG.runSuitesSequentially(TestNG.java:1249)\r\n\tat org.testng.TestNG.runSuitesLocally(TestNG.java:1169)\r\n\tat org.testng.TestNG.runSuites(TestNG.java:1092)\r\n\tat org.testng.TestNG.run(TestNG.java:1060)\r\n\tat org.apache.maven.surefire.testng.TestNGExecutor.run(TestNGExecutor.java:283)\r\n\tat org.apache.maven.surefire.testng.TestNGXmlTestSuite.execute(TestNGXmlTestSuite.java:75)\r\n\tat org.apache.maven.surefire.testng.TestNGProvider.invoke(TestNGProvider.java:120)\r\n\tat org.apache.maven.surefire.booter.ForkedBooter.invokeProviderInSameClassLoader(ForkedBooter.java:386)\r\n\tat org.apache.maven.surefire.booter.ForkedBooter.runSuitesInProcess(ForkedBooter.java:323)\r\n\tat org.apache.maven.surefire.booter.ForkedBooter.main(ForkedBooter.java:143)\r\n","flaky":false,"newFailed":false,"newBroken":false,"newPassed":false,"retriesCount":0,"retriesStatusChange":false,"beforeStages":[{"name":"launchBrowser","time":{"start":1690521658364,"stop":1690521672051,"duration":13687},"description":"","status":"broken","statusMessage":"Unable to establish websocket connection to http://localhost:60134/devtools/browser/04510bbf-5dfe-48f8-bdf5-5b751e455c06\nBuild info: version: '4.1.0', revision: '87802e897b'\nSystem info: host: 'IB-PUNE-LAP-356', ip: '172.27.112.1', os.name: 'Windows 10', os.arch: 'amd64', os.version: '10.0', java.version: '17.0.4.1'\nDriver info: driver.version: ChromeDriver","statusTrace":"org.openqa.selenium.remote.http.ConnectionFailedException: Unable to establish websocket connection to http://localhost:60134/devtools/browser/04510bbf-5dfe-48f8-bdf5-5b751e455c06\nBuild info: version: '4.1.0', revision: '87802e897b'\nSystem info: host: 'IB-PUNE-LAP-356', ip: '172.27.112.1', os.name: 'Windows 10', os.arch: 'amd64', os.version: '10.0', java.version: '17.0.4.1'\nDriver info: driver.version: ChromeDriver\r\n\tat org.openqa.selenium.remote.http.netty.NettyWebSocket.<init>(NettyWebSocket.java:104)\r\n\tat org.openqa.selenium.remote.http.netty.NettyWebSocket.lambda$create$3(NettyWebSocket.java:137)\r\n\tat org.openqa.selenium.remote.http.netty.NettyClient.openSocket(NettyClient.java:116)\r\n\tat org.openqa.selenium.devtools.Connection.<init>(Connection.java:77)\r\n\tat org.openqa.selenium.chromium.ChromiumDriver.lambda$new$2(ChromiumDriver.java:124)\r\n\tat java.base/java.util.Optional.map(Optional.java:260)\r\n\tat org.openqa.selenium.chromium.ChromiumDriver.<init>(ChromiumDriver.java:122)\r\n\tat org.openqa.selenium.chrome.ChromeDriver.<init>(ChromeDriver.java:104)\r\n\tat org.openqa.selenium.chrome.ChromeDriver.<init>(ChromeDriver.java:91)\r\n\tat org.openqa.selenium.chrome.ChromeDriver.<init>(ChromeDriver.java:80)\r\n\tat Base.BaseClass.chromeBrowser(BaseClass.java:94)\r\n\tat Base.BaseClass.launchBrowser(BaseClass.java:100)\r\n\tat java.base/jdk.internal.reflect.NativeMethodAccessorImpl.invoke0(Native Method)\r\n\tat java.base/jdk.internal.reflect.NativeMethodAccessorImpl.invoke(NativeMethodAccessorImpl.java:77)\r\n\tat java.base/jdk.internal.reflect.DelegatingMethodAccessorImpl.invoke(DelegatingMethodAccessorImpl.java:43)\r\n\tat java.base/java.lang.reflect.Method.invoke(Method.java:568)\r\n\tat org.testng.internal.invokers.MethodInvocationHelper.invokeMethod(MethodInvocationHelper.java:135)\r\n\tat org.testng.internal.invokers.MethodInvocationHelper.invokeMethodConsideringTimeout(MethodInvocationHelper.java:65)\r\n\tat org.testng.internal.invokers.ConfigInvoker.invokeConfigurationMethod(ConfigInvoker.java:381)\r\n\tat org.testng.internal.invokers.ConfigInvoker.invokeConfigurations(ConfigInvoker.java:319)\r\n\tat org.testng.TestRunner.invokeTestConfigurations(TestRunner.java:645)\r\n\tat org.testng.TestRunner.beforeRun(TestRunner.java:634)\r\n\tat org.testng.TestRunner.run(TestRunner.java:596)\r\n\tat org.testng.SuiteRunner.runTest(SuiteRunner.java:429)\r\n\tat org.testng.SuiteRunner.runSequentially(SuiteRunner.java:423)\r\n\tat org.testng.SuiteRunner.privateRun(SuiteRunner.java:383)\r\n\tat org.testng.SuiteRunner.run(SuiteRunner.java:326)\r\n\tat org.testng.SuiteRunnerWorker.runSuite(SuiteRunnerWorker.java:52)\r\n\tat org.testng.SuiteRunnerWorker.run(SuiteRunnerWorker.java:95)\r\n\tat org.testng.TestNG.runSuitesSequentially(TestNG.java:1249)\r\n\tat org.testng.TestNG.runSuitesLocally(TestNG.java:1169)\r\n\tat org.testng.TestNG.runSuites(TestNG.java:1092)\r\n\tat org.testng.TestNG.run(TestNG.java:1060)\r\n\tat org.apache.maven.surefire.testng.TestNGExecutor.run(TestNGExecutor.java:283)\r\n\tat org.apache.maven.surefire.testng.TestNGXmlTestSuite.execute(TestNGXmlTestSuite.java:75)\r\n\tat org.apache.maven.surefire.testng.TestNGProvider.invoke(TestNGProvider.java:120)\r\n\tat org.apache.maven.surefire.booter.ForkedBooter.invokeProviderInSameClassLoader(ForkedBooter.java:386)\r\n\tat org.apache.maven.surefire.booter.ForkedBooter.runSuitesInProcess(ForkedBooter.java:323)\r\n\tat org.apache.maven.surefire.booter.ForkedBooter.main(ForkedBooter.java:143)\r\n","steps":[],"attachments":[],"parameters":[],"attachmentsCount":0,"shouldDisplayMessage":true,"hasContent":true,"stepsCount":0},{"name":"extractDataExcleAndObjectOfClassCreations","time":{"start":1690521672549,"stop":1690521672550,"duration":1},"description":"","status":"broken","statusMessage":"Cannot invoke \"org.openqa.selenium.WebDriver.navigate()\" because \"Base.BaseClass.driver\" is null","statusTrace":"java.lang.NullPointerException: Cannot invoke \"org.openqa.selenium.WebDriver.navigate()\" because \"Base.BaseClass.driver\" is null\r\n\tat Base.BaseClass.extractDataExcleAndObjectOfClassCreations(BaseClass.java:108)\r\n\tat java.base/jdk.internal.reflect.NativeMethodAccessorImpl.invoke0(Native Method)\r\n\tat java.base/jdk.internal.reflect.NativeMethodAccessorImpl.invoke(NativeMethodAccessorImpl.java:77)\r\n\tat java.base/jdk.internal.reflect.DelegatingMethodAccessorImpl.invoke(DelegatingMethodAccessorImpl.java:43)\r\n\tat java.base/java.lang.reflect.Method.invoke(Method.java:568)\r\n\tat org.testng.internal.invokers.MethodInvocationHelper.invokeMethod(MethodInvocationHelper.java:135)\r\n\tat org.testng.internal.invokers.MethodInvocationHelper.invokeMethodConsideringTimeout(MethodInvocationHelper.java:65)\r\n\tat org.testng.internal.invokers.ConfigInvoker.invokeConfigurationMethod(ConfigInvoker.java:381)\r\n\tat org.testng.internal.invokers.ConfigInvoker.invokeConfigurations(ConfigInvoker.java:319)\r\n\tat org.testng.internal.invokers.TestMethodWorker.invokeBeforeClassMethods(TestMethodWorker.java:178)\r\n\tat org.testng.internal.invokers.TestMethodWorker.run(TestMethodWorker.java:122)\r\n\tat java.base/java.util.ArrayList.forEach(ArrayList.java:1511)\r\n\tat org.testng.TestRunner.privateRun(TestRunner.java:808)\r\n\tat org.testng.TestRunner.run(TestRunner.java:603)\r\n\tat org.testng.SuiteRunner.runTest(SuiteRunner.java:429)\r\n\tat org.testng.SuiteRunner.runSequentially(SuiteRunner.java:423)\r\n\tat org.testng.SuiteRunner.privateRun(SuiteRunner.java:383)\r\n\tat org.testng.SuiteRunner.run(SuiteRunner.java:326)\r\n\tat org.testng.SuiteRunnerWorker.runSuite(SuiteRunnerWorker.java:52)\r\n\tat org.testng.SuiteRunnerWorker.run(SuiteRunnerWorker.java:95)\r\n\tat org.testng.TestNG.runSuitesSequentially(TestNG.java:1249)\r\n\tat org.testng.TestNG.runSuitesLocally(TestNG.java:1169)\r\n\tat org.testng.TestNG.runSuites(TestNG.java:1092)\r\n\tat org.testng.TestNG.run(TestNG.java:1060)\r\n\tat org.apache.maven.surefire.testng.TestNGExecutor.run(TestNGExecutor.java:283)\r\n\tat org.apache.maven.surefire.testng.TestNGXmlTestSuite.execute(TestNGXmlTestSuite.java:75)\r\n\tat org.apache.maven.surefire.testng.TestNGProvider.invoke(TestNGProvider.java:120)\r\n\tat org.apache.maven.surefire.booter.ForkedBooter.invokeProviderInSameClassLoader(ForkedBooter.java:386)\r\n\tat org.apache.maven.surefire.booter.ForkedBooter.runSuitesInProcess(ForkedBooter.java:323)\r\n\tat org.apache.maven.surefire.booter.ForkedBooter.main(ForkedBooter.java:143)\r\n","steps":[],"attachments":[],"parameters":[],"attachmentsCount":0,"shouldDisplayMessage":true,"hasContent":true,"stepsCount":0},{"name":"beforeMethod","time":{"start":1690521672647,"stop":1690521672648,"duration":1},"description":"","status":"passed","steps":[],"attachments":[],"parameters":[],"attachmentsCount":0,"shouldDisplayMessage":false,"hasContent":false,"stepsCount":0}],"afterStages":[{"name":"tearDown","time":{"start":1690521672908,"stop":1690521672908,"duration":0},"description":"","status":"broken","steps":[],"attachments":[],"parameters":[],"attachmentsCount":0,"shouldDisplayMessage":false,"hasContent":false,"stepsCount":0}],"labels":[{"name":"package","value":"Test.Person.SalesOrderGenrations"},{"name":"testClass","value":"Test.Person.SalesOrderGenrations"},{"name":"testMethod","value":"bookUnitAfterClickAllMandatoryDetailsTC001"},{"name":"parentSuite","value":"Suite"},{"name":"suite","value":"Test"},{"name":"subSuite","value":"Test.Person.SalesOrderGenrations"},{"name":"host","value":"IB-Pune-LAP-356"},{"name":"thread","value":"21720@IB-Pune-LAP-356.main(1)"},{"name":"framework","value":"testng"},{"name":"language","value":"java"},{"name":"resultFormat","value":"allure2"}],"parameters":[],"links":[],"hidden":true,"retry":true,"extra":{"categories":[],"tags":[]},"source":"16a8a7a04fb512de.json","parameterValues":[]}