{"uid":"9ea3bcb675fd5f58","name":"Verify Book unit button able to click after entering all the mandatory details.","fullName":"Test.Person.SalesOrderGenrations.bookUnitAfterClickAllMandatoryDetailsTC001","historyId":"19b3313830c3ed2e357da29a0ba74754","time":{"start":1691144275543,"stop":1691144399188,"duration":123645},"status":"skipped","statusMessage":"unknown error: cannot determine loading status\nfrom no such window\n  (Session info: chrome=115.0.5790.110)\nBuild info: version: '3.6.0', revision: '6fbf3ec767', time: '2017-09-27T15:28:36.4Z'\nSystem info: host: 'fv-az206-452', ip: '10.1.0.86', os.name: 'Windows Server 2022', os.arch: 'amd64', os.version: '10.0', java.version: '11.0.20'\nDriver info: org.openqa.selenium.chrome.ChromeDriver\nCapabilities [{networkConnectionEnabled=false, chrome={chromedriverVersion=114.0.5735.90 (386bc09e8f4f2e025eddae123f36f6263096ae49-refs/branch-heads/5735@{#1052}), userDataDir=C:\\Windows\\SystemTemp\\scoped_dir6836_1105726599}, timeouts={implicit=0, pageLoad=300000, script=30000}, pageLoadStrategy=normal, unhandledPromptBehavior=dismiss and notify, strictFileInteractability=false, platform=WINDOWS, proxy=Proxy(), webauthn:extension:minPinLength=true, goog:chromeOptions={debuggerAddress=localhost:50648}, webauthn:extension:credBlob=true, webauthn:extension:prf=true, acceptInsecureCerts=false, browserVersion=115.0.5790.110, browserName=chrome, javascriptEnabled=true, platformName=WINDOWS, setWindowRect=true, webauthn:extension:largeBlob=true, webauthn:virtualAuthenticators=true}]\nSession ID: f519939d63ee59b3a93c16ad560d8d21","statusTrace":"org.openqa.selenium.WebDriverException: unknown error: cannot determine loading status\nfrom no such window\n  (Session info: chrome=115.0.5790.110)\nBuild info: version: '3.6.0', revision: '6fbf3ec767', time: '2017-09-27T15:28:36.4Z'\nSystem info: host: 'fv-az206-452', ip: '10.1.0.86', os.name: 'Windows Server 2022', os.arch: 'amd64', os.version: '10.0', java.version: '11.0.20'\nDriver info: org.openqa.selenium.chrome.ChromeDriver\nCapabilities [{networkConnectionEnabled=false, chrome={chromedriverVersion=114.0.5735.90 (386bc09e8f4f2e025eddae123f36f6263096ae49-refs/branch-heads/5735@{#1052}), userDataDir=C:\\Windows\\SystemTemp\\scoped_dir6836_1105726599}, timeouts={implicit=0, pageLoad=300000, script=30000}, pageLoadStrategy=normal, unhandledPromptBehavior=dismiss and notify, strictFileInteractability=false, platform=WINDOWS, proxy=Proxy(), webauthn:extension:minPinLength=true, goog:chromeOptions={debuggerAddress=localhost:50648}, webauthn:extension:credBlob=true, webauthn:extension:prf=true, acceptInsecureCerts=false, browserVersion=115.0.5790.110, browserName=chrome, javascriptEnabled=true, platformName=WINDOWS, setWindowRect=true, webauthn:extension:largeBlob=true, webauthn:virtualAuthenticators=true}]\nSession ID: f519939d63ee59b3a93c16ad560d8d21\r\n\tat java.base/jdk.internal.reflect.NativeConstructorAccessorImpl.newInstance0(Native Method)\r\n\tat java.base/jdk.internal.reflect.NativeConstructorAccessorImpl.newInstance(NativeConstructorAccessorImpl.java:62)\r\n\tat java.base/jdk.internal.reflect.DelegatingConstructorAccessorImpl.newInstance(DelegatingConstructorAccessorImpl.java:45)\r\n\tat java.base/java.lang.reflect.Constructor.newInstance(Constructor.java:490)\r\n\tat org.openqa.selenium.remote.http.W3CHttpResponseCodec.createException(W3CHttpResponseCodec.java:185)\r\n\tat org.openqa.selenium.remote.http.W3CHttpResponseCodec.decode(W3CHttpResponseCodec.java:120)\r\n\tat org.openqa.selenium.remote.http.W3CHttpResponseCodec.decode(W3CHttpResponseCodec.java:49)\r\n\tat org.openqa.selenium.remote.HttpCommandExecutor.execute(HttpCommandExecutor.java:164)\r\n\tat org.openqa.selenium.remote.service.DriverCommandExecutor.execute(DriverCommandExecutor.java:83)\r\n\tat org.openqa.selenium.remote.RemoteWebDriver.execute(RemoteWebDriver.java:586)\r\n\tat org.openqa.selenium.remote.RemoteWebElement.execute(RemoteWebElement.java:279)\r\n\tat org.openqa.selenium.remote.RemoteWebElement.click(RemoteWebElement.java:83)\r\n\tat jdk.internal.reflect.GeneratedMethodAccessor26.invoke(Unknown Source)\r\n\tat java.base/jdk.internal.reflect.DelegatingMethodAccessorImpl.invoke(DelegatingMethodAccessorImpl.java:43)\r\n\tat java.base/java.lang.reflect.Method.invoke(Method.java:566)\r\n\tat org.openqa.selenium.support.pagefactory.internal.LocatingElementHandler.invoke(LocatingElementHandler.java:51)\r\n\tat com.sun.proxy.$Proxy15.click(Unknown Source)\r\n\tat Pom.Person.LoginClass.loginToSandBox(LoginClass.java:42)\r\n\tat Test.Person.SalesOrderGenrations.bookUnitAfterClickAllMandatoryDetailsTC001(SalesOrderGenrations.java:39)\r\n\tat java.base/jdk.internal.reflect.NativeMethodAccessorImpl.invoke0(Native Method)\r\n\tat java.base/jdk.internal.reflect.NativeMethodAccessorImpl.invoke(NativeMethodAccessorImpl.java:62)\r\n\tat java.base/jdk.internal.reflect.DelegatingMethodAccessorImpl.invoke(DelegatingMethodAccessorImpl.java:43)\r\n\tat java.base/java.lang.reflect.Method.invoke(Method.java:566)\r\n\tat org.testng.internal.invokers.MethodInvocationHelper.invokeMethod(MethodInvocationHelper.java:135)\r\n\tat org.testng.internal.invokers.TestInvoker.invokeMethod(TestInvoker.java:673)\r\n\tat org.testng.internal.invokers.TestInvoker.retryFailed(TestInvoker.java:262)\r\n\tat org.testng.internal.invokers.MethodRunner.runInSequence(MethodRunner.java:62)\r\n\tat org.testng.internal.invokers.TestInvoker$MethodInvocationAgent.invoke(TestInvoker.java:945)\r\n\tat org.testng.internal.invokers.TestInvoker.invokeTestMethods(TestInvoker.java:193)\r\n\tat org.testng.internal.invokers.TestMethodWorker.invokeTestMethods(TestMethodWorker.java:146)\r\n\tat org.testng.internal.invokers.TestMethodWorker.run(TestMethodWorker.java:128)\r\n\tat java.base/java.util.ArrayList.forEach(ArrayList.java:1541)\r\n\tat org.testng.TestRunner.privateRun(TestRunner.java:808)\r\n\tat org.testng.TestRunner.run(TestRunner.java:603)\r\n\tat org.testng.SuiteRunner.runTest(SuiteRunner.java:429)\r\n\tat org.testng.SuiteRunner.runSequentially(SuiteRunner.java:423)\r\n\tat org.testng.SuiteRunner.privateRun(SuiteRunner.java:383)\r\n\tat org.testng.SuiteRunner.run(SuiteRunner.java:326)\r\n\tat org.testng.SuiteRunnerWorker.runSuite(SuiteRunnerWorker.java:52)\r\n\tat org.testng.SuiteRunnerWorker.run(SuiteRunnerWorker.java:95)\r\n\tat org.testng.TestNG.runSuitesSequentially(TestNG.java:1249)\r\n\tat org.testng.TestNG.runSuitesLocally(TestNG.java:1169)\r\n\tat org.testng.TestNG.runSuites(TestNG.java:1092)\r\n\tat org.testng.TestNG.run(TestNG.java:1060)\r\n\tat org.apache.maven.surefire.testng.TestNGExecutor.run(TestNGExecutor.java:281)\r\n\tat org.apache.maven.surefire.testng.TestNGXmlTestSuite.execute(TestNGXmlTestSuite.java:75)\r\n\tat org.apache.maven.surefire.testng.TestNGProvider.invoke(TestNGProvider.java:121)\r\n\tat org.apache.maven.surefire.booter.ForkedBooter.invokeProviderInSameClassLoader(ForkedBooter.java:290)\r\n\tat org.apache.maven.surefire.booter.ForkedBooter.runSuitesInProcess(ForkedBooter.java:242)\r\n\tat org.apache.maven.surefire.booter.ForkedBooter.main(ForkedBooter.java:121)\r\n","flaky":false,"newFailed":false,"newBroken":false,"newPassed":false,"retriesCount":0,"retriesStatusChange":false,"beforeStages":[{"name":"launchBrowser","time":{"start":1691142007098,"stop":1691142007113,"duration":15},"description":"","status":"passed","steps":[],"attachments":[],"parameters":[],"stepsCount":0,"hasContent":false,"shouldDisplayMessage":false,"attachmentsCount":0},{"name":"extractDataExcleAndObjectOfClassCreations","time":{"start":1691143920777,"stop":1691143920777,"duration":0},"description":"","status":"passed","steps":[],"attachments":[],"parameters":[],"stepsCount":0,"hasContent":false,"shouldDisplayMessage":false,"attachmentsCount":0},{"name":"beforeMethod","time":{"start":1691144271856,"stop":1691144275538,"duration":3682},"description":"","status":"passed","steps":[],"attachments":[],"parameters":[],"stepsCount":0,"hasContent":false,"shouldDisplayMessage":false,"attachmentsCount":0}],"testStage":{"status":"skipped","statusMessage":"unknown error: cannot determine loading status\nfrom no such window\n  (Session info: chrome=115.0.5790.110)\nBuild info: version: '3.6.0', revision: '6fbf3ec767', time: '2017-09-27T15:28:36.4Z'\nSystem info: host: 'fv-az206-452', ip: '10.1.0.86', os.name: 'Windows Server 2022', os.arch: 'amd64', os.version: '10.0', java.version: '11.0.20'\nDriver info: org.openqa.selenium.chrome.ChromeDriver\nCapabilities [{networkConnectionEnabled=false, chrome={chromedriverVersion=114.0.5735.90 (386bc09e8f4f2e025eddae123f36f6263096ae49-refs/branch-heads/5735@{#1052}), userDataDir=C:\\Windows\\SystemTemp\\scoped_dir6836_1105726599}, timeouts={implicit=0, pageLoad=300000, script=30000}, pageLoadStrategy=normal, unhandledPromptBehavior=dismiss and notify, strictFileInteractability=false, platform=WINDOWS, proxy=Proxy(), webauthn:extension:minPinLength=true, goog:chromeOptions={debuggerAddress=localhost:50648}, webauthn:extension:credBlob=true, webauthn:extension:prf=true, acceptInsecureCerts=false, browserVersion=115.0.5790.110, browserName=chrome, javascriptEnabled=true, platformName=WINDOWS, setWindowRect=true, webauthn:extension:largeBlob=true, webauthn:virtualAuthenticators=true}]\nSession ID: f519939d63ee59b3a93c16ad560d8d21","statusTrace":"org.openqa.selenium.WebDriverException: unknown error: cannot determine loading status\nfrom no such window\n  (Session info: chrome=115.0.5790.110)\nBuild info: version: '3.6.0', revision: '6fbf3ec767', time: '2017-09-27T15:28:36.4Z'\nSystem info: host: 'fv-az206-452', ip: '10.1.0.86', os.name: 'Windows Server 2022', os.arch: 'amd64', os.version: '10.0', java.version: '11.0.20'\nDriver info: org.openqa.selenium.chrome.ChromeDriver\nCapabilities [{networkConnectionEnabled=false, chrome={chromedriverVersion=114.0.5735.90 (386bc09e8f4f2e025eddae123f36f6263096ae49-refs/branch-heads/5735@{#1052}), userDataDir=C:\\Windows\\SystemTemp\\scoped_dir6836_1105726599}, timeouts={implicit=0, pageLoad=300000, script=30000}, pageLoadStrategy=normal, unhandledPromptBehavior=dismiss and notify, strictFileInteractability=false, platform=WINDOWS, proxy=Proxy(), webauthn:extension:minPinLength=true, goog:chromeOptions={debuggerAddress=localhost:50648}, webauthn:extension:credBlob=true, webauthn:extension:prf=true, acceptInsecureCerts=false, browserVersion=115.0.5790.110, browserName=chrome, javascriptEnabled=true, platformName=WINDOWS, setWindowRect=true, webauthn:extension:largeBlob=true, webauthn:virtualAuthenticators=true}]\nSession ID: f519939d63ee59b3a93c16ad560d8d21\r\n\tat java.base/jdk.internal.reflect.NativeConstructorAccessorImpl.newInstance0(Native Method)\r\n\tat java.base/jdk.internal.reflect.NativeConstructorAccessorImpl.newInstance(NativeConstructorAccessorImpl.java:62)\r\n\tat java.base/jdk.internal.reflect.DelegatingConstructorAccessorImpl.newInstance(DelegatingConstructorAccessorImpl.java:45)\r\n\tat java.base/java.lang.reflect.Constructor.newInstance(Constructor.java:490)\r\n\tat org.openqa.selenium.remote.http.W3CHttpResponseCodec.createException(W3CHttpResponseCodec.java:185)\r\n\tat org.openqa.selenium.remote.http.W3CHttpResponseCodec.decode(W3CHttpResponseCodec.java:120)\r\n\tat org.openqa.selenium.remote.http.W3CHttpResponseCodec.decode(W3CHttpResponseCodec.java:49)\r\n\tat org.openqa.selenium.remote.HttpCommandExecutor.execute(HttpCommandExecutor.java:164)\r\n\tat org.openqa.selenium.remote.service.DriverCommandExecutor.execute(DriverCommandExecutor.java:83)\r\n\tat org.openqa.selenium.remote.RemoteWebDriver.execute(RemoteWebDriver.java:586)\r\n\tat org.openqa.selenium.remote.RemoteWebElement.execute(RemoteWebElement.java:279)\r\n\tat org.openqa.selenium.remote.RemoteWebElement.click(RemoteWebElement.java:83)\r\n\tat jdk.internal.reflect.GeneratedMethodAccessor26.invoke(Unknown Source)\r\n\tat java.base/jdk.internal.reflect.DelegatingMethodAccessorImpl.invoke(DelegatingMethodAccessorImpl.java:43)\r\n\tat java.base/java.lang.reflect.Method.invoke(Method.java:566)\r\n\tat org.openqa.selenium.support.pagefactory.internal.LocatingElementHandler.invoke(LocatingElementHandler.java:51)\r\n\tat com.sun.proxy.$Proxy15.click(Unknown Source)\r\n\tat Pom.Person.LoginClass.loginToSandBox(LoginClass.java:42)\r\n\tat Test.Person.SalesOrderGenrations.bookUnitAfterClickAllMandatoryDetailsTC001(SalesOrderGenrations.java:39)\r\n\tat java.base/jdk.internal.reflect.NativeMethodAccessorImpl.invoke0(Native Method)\r\n\tat java.base/jdk.internal.reflect.NativeMethodAccessorImpl.invoke(NativeMethodAccessorImpl.java:62)\r\n\tat java.base/jdk.internal.reflect.DelegatingMethodAccessorImpl.invoke(DelegatingMethodAccessorImpl.java:43)\r\n\tat java.base/java.lang.reflect.Method.invoke(Method.java:566)\r\n\tat org.testng.internal.invokers.MethodInvocationHelper.invokeMethod(MethodInvocationHelper.java:135)\r\n\tat org.testng.internal.invokers.TestInvoker.invokeMethod(TestInvoker.java:673)\r\n\tat org.testng.internal.invokers.TestInvoker.retryFailed(TestInvoker.java:262)\r\n\tat org.testng.internal.invokers.MethodRunner.runInSequence(MethodRunner.java:62)\r\n\tat org.testng.internal.invokers.TestInvoker$MethodInvocationAgent.invoke(TestInvoker.java:945)\r\n\tat org.testng.internal.invokers.TestInvoker.invokeTestMethods(TestInvoker.java:193)\r\n\tat org.testng.internal.invokers.TestMethodWorker.invokeTestMethods(TestMethodWorker.java:146)\r\n\tat org.testng.internal.invokers.TestMethodWorker.run(TestMethodWorker.java:128)\r\n\tat java.base/java.util.ArrayList.forEach(ArrayList.java:1541)\r\n\tat org.testng.TestRunner.privateRun(TestRunner.java:808)\r\n\tat org.testng.TestRunner.run(TestRunner.java:603)\r\n\tat org.testng.SuiteRunner.runTest(SuiteRunner.java:429)\r\n\tat org.testng.SuiteRunner.runSequentially(SuiteRunner.java:423)\r\n\tat org.testng.SuiteRunner.privateRun(SuiteRunner.java:383)\r\n\tat org.testng.SuiteRunner.run(SuiteRunner.java:326)\r\n\tat org.testng.SuiteRunnerWorker.runSuite(SuiteRunnerWorker.java:52)\r\n\tat org.testng.SuiteRunnerWorker.run(SuiteRunnerWorker.java:95)\r\n\tat org.testng.TestNG.runSuitesSequentially(TestNG.java:1249)\r\n\tat org.testng.TestNG.runSuitesLocally(TestNG.java:1169)\r\n\tat org.testng.TestNG.runSuites(TestNG.java:1092)\r\n\tat org.testng.TestNG.run(TestNG.java:1060)\r\n\tat org.apache.maven.surefire.testng.TestNGExecutor.run(TestNGExecutor.java:281)\r\n\tat org.apache.maven.surefire.testng.TestNGXmlTestSuite.execute(TestNGXmlTestSuite.java:75)\r\n\tat org.apache.maven.surefire.testng.TestNGProvider.invoke(TestNGProvider.java:121)\r\n\tat org.apache.maven.surefire.booter.ForkedBooter.invokeProviderInSameClassLoader(ForkedBooter.java:290)\r\n\tat org.apache.maven.surefire.booter.ForkedBooter.runSuitesInProcess(ForkedBooter.java:242)\r\n\tat org.apache.maven.surefire.booter.ForkedBooter.main(ForkedBooter.java:121)\r\n","steps":[{"name":"User login sandbox with the correct credentials","time":{"start":1691144275543,"stop":1691144286382,"duration":10839},"status":"passed","steps":[],"attachments":[],"parameters":[{"name":"usernameValue","value":"jayant.rajput@infobeans.com.regsb"},{"name":"passwordValue","value":"Sales@12345"}],"stepsCount":0,"hasContent":true,"shouldDisplayMessage":false,"attachmentsCount":0},{"name":"Fill the data in the lead page","time":{"start":1691144286382,"stop":1691144323710,"duration":37328},"status":"passed","steps":[{"name":"Add the random name middle name and the last name","time":{"start":1691144286382,"stop":1691144300703,"duration":14321},"status":"passed","steps":[],"attachments":[],"parameters":[{"name":"firstNameValue","value":"Autmation827"},{"name":"MiddleNameValue","value":"Automation"},{"name":"lastNameValue","value":"Autmation86201"}],"stepsCount":0,"hasContent":true,"shouldDisplayMessage":false,"attachmentsCount":0},{"name":"Fill the data form dropdown to create lead","time":{"start":1691144300703,"stop":1691144302223,"duration":1520},"status":"passed","steps":[],"attachments":[],"parameters":[{"name":"dropdownTypes","value":"Customer Type, --None--"},{"name":"dropdownValues","value":"New Customer"}],"stepsCount":0,"hasContent":true,"shouldDisplayMessage":false,"attachmentsCount":0},{"name":"Fill the data form dropdown to create lead","time":{"start":1691144303131,"stop":1691144304384,"duration":1253},"status":"passed","steps":[],"attachments":[],"parameters":[{"name":"dropdownTypes","value":"Sales Type, --None--"},{"name":"dropdownValues","value":"Institutional"}],"stepsCount":0,"hasContent":true,"shouldDisplayMessage":false,"attachmentsCount":0},{"name":"Fill the data form dropdown to create lead","time":{"start":1691144304384,"stop":1691144305682,"duration":1298},"status":"passed","steps":[],"attachments":[],"parameters":[{"name":"dropdownTypes","value":"Property Usage, --None--"},{"name":"dropdownValues","value":"Corporate"}],"stepsCount":0,"hasContent":true,"shouldDisplayMessage":false,"attachmentsCount":0},{"name":"Fill the data form dropdown to create lead","time":{"start":1691144305682,"stop":1691144307293,"duration":1611},"status":"passed","steps":[],"attachments":[],"parameters":[{"name":"dropdownTypes","value":"Project, --None--"},{"name":"dropdownValues","value":"Al Bandar Plaza"}],"stepsCount":0,"hasContent":true,"shouldDisplayMessage":false,"attachmentsCount":0},{"name":"Fill the data form dropdown to create lead","time":{"start":1691144307293,"stop":1691144309926,"duration":2633},"status":"passed","steps":[],"attachments":[],"parameters":[{"name":"dropdownTypes","value":"Sales Origin, --None--"},{"name":"dropdownValues","value":"Domestic"}],"stepsCount":0,"hasContent":true,"shouldDisplayMessage":false,"attachmentsCount":0},{"name":"Fill the data form dropdown to create lead","time":{"start":1691144309927,"stop":1691144312744,"duration":2817},"status":"passed","steps":[],"attachments":[],"parameters":[{"name":"dropdownTypes","value":"Method of Contact, --None--"},{"name":"dropdownValues","value":"Walk-In"}],"stepsCount":0,"hasContent":true,"shouldDisplayMessage":false,"attachmentsCount":0},{"name":"Fill the data form dropdown to create lead","time":{"start":1691144312744,"stop":1691144315425,"duration":2681},"status":"passed","steps":[],"attachments":[],"parameters":[{"name":"dropdownTypes","value":"Enquiry Category, --None--"},{"name":"dropdownValues","value":"Roadshow"}],"stepsCount":0,"hasContent":true,"shouldDisplayMessage":false,"attachmentsCount":0},{"name":"Fill the data form dropdown to create lead","time":{"start":1691144315425,"stop":1691144318524,"duration":3099},"status":"passed","steps":[],"attachments":[],"parameters":[{"name":"dropdownTypes","value":"Enquiry Trigger, --None--"},{"name":"dropdownValues","value":"International Events & Exhibitions"}],"stepsCount":0,"hasContent":true,"shouldDisplayMessage":false,"attachmentsCount":0},{"name":"Click on save button","time":{"start":1691144318524,"stop":1691144323710,"duration":5186},"status":"passed","steps":[],"attachments":[],"parameters":[],"stepsCount":0,"hasContent":false,"shouldDisplayMessage":false,"attachmentsCount":0}],"attachments":[],"parameters":[{"name":"firstName","value":"Autmation827"},{"name":"middleName","value":"Automation"},{"name":"LastName","value":"Autmation86201"}],"stepsCount":10,"hasContent":true,"shouldDisplayMessage":false,"attachmentsCount":0},{"name":"Get the unique id of the lead from the lead page","time":{"start":1691144323710,"stop":1691144326156,"duration":2446},"status":"passed","steps":[],"attachments":[],"parameters":[],"stepsCount":0,"hasContent":false,"shouldDisplayMessage":false,"attachmentsCount":0},{"name":"Validate the status of the lead after click on the lead that is inprocess or completed","time":{"start":1691144326157,"stop":1691144328344,"duration":2187},"status":"passed","steps":[],"attachments":[],"parameters":[],"stepsCount":0,"hasContent":false,"shouldDisplayMessage":false,"attachmentsCount":0},{"name":"logout from the account","time":{"start":1691144328693,"stop":1691144329591,"duration":898},"status":"passed","steps":[],"attachments":[],"parameters":[],"stepsCount":0,"hasContent":false,"shouldDisplayMessage":false,"attachmentsCount":0},{"name":"User login sandbox with the correct credentials","time":{"start":1691144329591,"stop":1691144339398,"duration":9807},"status":"passed","steps":[],"attachments":[],"parameters":[{"name":"usernameValue","value":"arbaaz.khan@infobeans.com.regsb"},{"name":"passwordValue","value":"Amk@0101.IT1"}],"stepsCount":0,"hasContent":true,"shouldDisplayMessage":false,"attachmentsCount":0},{"name":"Applied asserations After login Serach button is displayed","time":{"start":1691144339398,"stop":1691144339670,"duration":272},"status":"passed","steps":[],"attachments":[],"parameters":[],"stepsCount":0,"hasContent":false,"shouldDisplayMessage":false,"attachmentsCount":0},{"name":"globally search for the lead and click on the lead","time":{"start":1691144339670,"stop":1691144378873,"duration":39203},"status":"passed","steps":[],"attachments":[],"parameters":[{"name":"value","value":"L00415822"}],"stepsCount":0,"hasContent":true,"shouldDisplayMessage":false,"attachmentsCount":0},{"name":"Set the random eamil id","time":{"start":1691144378874,"stop":1691144385507,"duration":6633},"status":"passed","steps":[],"attachments":[],"parameters":[{"name":"emailID","value":"abdfwc@gmail.com"}],"stepsCount":0,"hasContent":true,"shouldDisplayMessage":false,"attachmentsCount":0},{"name":"Wait unit the emailID Text is to be displyed","time":{"start":1691144385507,"stop":1691144385607,"duration":100},"status":"passed","steps":[],"attachments":[],"parameters":[],"stepsCount":0,"hasContent":false,"shouldDisplayMessage":false,"attachmentsCount":0},{"name":"Set values in the dropdown without click on the save","time":{"start":1691144385653,"stop":1691144386916,"duration":1263},"status":"passed","steps":[],"attachments":[],"parameters":[{"name":"dropdownTypes","value":"Mobile Country Code, --None--"},{"name":"dropdownValues","value":"United Arab Emirates(+971)"}],"stepsCount":0,"hasContent":true,"shouldDisplayMessage":false,"attachmentsCount":0},{"name":"Set the random mobile number","time":{"start":1691144386916,"stop":1691144387146,"duration":230},"status":"passed","steps":[],"attachments":[],"parameters":[{"name":"mobileNumberValue","value":"8471430448"}],"stepsCount":0,"hasContent":true,"shouldDisplayMessage":false,"attachmentsCount":0},{"name":"Click on save button","time":{"start":1691144387146,"stop":1691144392365,"duration":5219},"status":"passed","steps":[],"attachments":[],"parameters":[],"stepsCount":0,"hasContent":false,"shouldDisplayMessage":false,"attachmentsCount":0},{"name":"logout from the account","time":{"start":1691144392443,"stop":1691144393398,"duration":955},"status":"passed","steps":[],"attachments":[],"parameters":[],"stepsCount":0,"hasContent":false,"shouldDisplayMessage":false,"attachmentsCount":0},{"name":"User login sandbox with the correct credentials","time":{"start":1691144393400,"stop":1691144399183,"duration":5783},"status":"broken","statusMessage":"unknown error: cannot determine loading status\nfrom no such window\n  (Session info: chrome=115.0.5790.110)\nBuild info: version: '3.6.0', revision: '6fbf3ec767', time: '2017-09-27T15:28:36.4Z'\nSystem info: host: 'fv-az206-452', ip: '10.1.0.86', os.name: 'Windows Server 2022', os.arch: 'amd64', os.version: '10.0', java.version: '11.0.20'\nDriver info: org.openqa.selenium.chrome.ChromeDriver\nCapabilities [{networkConnectionEnabled=false, chrome={chromedriverVersion=114.0.5735.90 (386bc09e8f4f2e025eddae123f36f6263096ae49-refs/branch-heads/5735@{#1052}), userDataDir=C:\\Windows\\SystemTemp\\scoped_dir6836_1105726599}, timeouts={implicit=0, pageLoad=300000, script=30000}, pageLoadStrategy=normal, unhandledPromptBehavior=dismiss and notify, strictFileInteractability=false, platform=WINDOWS, proxy=Proxy(), webauthn:extension:minPinLength=true, goog:chromeOptions={debuggerAddress=localhost:50648}, webauthn:extension:credBlob=true, webauthn:extension:prf=true, acceptInsecureCerts=false, browserVersion=115.0.5790.110, browserName=chrome, javascriptEnabled=true, platformName=WINDOWS, setWindowRect=true, webauthn:extension:largeBlob=true, webauthn:virtualAuthenticators=true}]\nSession ID: f519939d63ee59b3a93c16ad560d8d21","statusTrace":"org.openqa.selenium.WebDriverException: unknown error: cannot determine loading status\nfrom no such window\n  (Session info: chrome=115.0.5790.110)\nBuild info: version: '3.6.0', revision: '6fbf3ec767', time: '2017-09-27T15:28:36.4Z'\nSystem info: host: 'fv-az206-452', ip: '10.1.0.86', os.name: 'Windows Server 2022', os.arch: 'amd64', os.version: '10.0', java.version: '11.0.20'\nDriver info: org.openqa.selenium.chrome.ChromeDriver\nCapabilities [{networkConnectionEnabled=false, chrome={chromedriverVersion=114.0.5735.90 (386bc09e8f4f2e025eddae123f36f6263096ae49-refs/branch-heads/5735@{#1052}), userDataDir=C:\\Windows\\SystemTemp\\scoped_dir6836_1105726599}, timeouts={implicit=0, pageLoad=300000, script=30000}, pageLoadStrategy=normal, unhandledPromptBehavior=dismiss and notify, strictFileInteractability=false, platform=WINDOWS, proxy=Proxy(), webauthn:extension:minPinLength=true, goog:chromeOptions={debuggerAddress=localhost:50648}, webauthn:extension:credBlob=true, webauthn:extension:prf=true, acceptInsecureCerts=false, browserVersion=115.0.5790.110, browserName=chrome, javascriptEnabled=true, platformName=WINDOWS, setWindowRect=true, webauthn:extension:largeBlob=true, webauthn:virtualAuthenticators=true}]\nSession ID: f519939d63ee59b3a93c16ad560d8d21\r\n\tat java.base/jdk.internal.reflect.NativeConstructorAccessorImpl.newInstance0(Native Method)\r\n\tat java.base/jdk.internal.reflect.NativeConstructorAccessorImpl.newInstance(NativeConstructorAccessorImpl.java:62)\r\n\tat java.base/jdk.internal.reflect.DelegatingConstructorAccessorImpl.newInstance(DelegatingConstructorAccessorImpl.java:45)\r\n\tat java.base/java.lang.reflect.Constructor.newInstance(Constructor.java:490)\r\n\tat org.openqa.selenium.remote.http.W3CHttpResponseCodec.createException(W3CHttpResponseCodec.java:185)\r\n\tat org.openqa.selenium.remote.http.W3CHttpResponseCodec.decode(W3CHttpResponseCodec.java:120)\r\n\tat org.openqa.selenium.remote.http.W3CHttpResponseCodec.decode(W3CHttpResponseCodec.java:49)\r\n\tat org.openqa.selenium.remote.HttpCommandExecutor.execute(HttpCommandExecutor.java:164)\r\n\tat org.openqa.selenium.remote.service.DriverCommandExecutor.execute(DriverCommandExecutor.java:83)\r\n\tat org.openqa.selenium.remote.RemoteWebDriver.execute(RemoteWebDriver.java:586)\r\n\tat org.openqa.selenium.remote.RemoteWebElement.execute(RemoteWebElement.java:279)\r\n\tat org.openqa.selenium.remote.RemoteWebElement.click(RemoteWebElement.java:83)\r\n\tat jdk.internal.reflect.GeneratedMethodAccessor26.invoke(Unknown Source)\r\n\tat java.base/jdk.internal.reflect.DelegatingMethodAccessorImpl.invoke(DelegatingMethodAccessorImpl.java:43)\r\n\tat java.base/java.lang.reflect.Method.invoke(Method.java:566)\r\n\tat org.openqa.selenium.support.pagefactory.internal.LocatingElementHandler.invoke(LocatingElementHandler.java:51)\r\n\tat com.sun.proxy.$Proxy15.click(Unknown Source)\r\n\tat Pom.Person.LoginClass.loginToSandBox(LoginClass.java:42)\r\n\tat Test.Person.SalesOrderGenrations.bookUnitAfterClickAllMandatoryDetailsTC001(SalesOrderGenrations.java:39)\r\n\tat java.base/jdk.internal.reflect.NativeMethodAccessorImpl.invoke0(Native Method)\r\n\tat java.base/jdk.internal.reflect.NativeMethodAccessorImpl.invoke(NativeMethodAccessorImpl.java:62)\r\n\tat java.base/jdk.internal.reflect.DelegatingMethodAccessorImpl.invoke(DelegatingMethodAccessorImpl.java:43)\r\n\tat java.base/java.lang.reflect.Method.invoke(Method.java:566)\r\n\tat org.testng.internal.invokers.MethodInvocationHelper.invokeMethod(MethodInvocationHelper.java:135)\r\n\tat org.testng.internal.invokers.TestInvoker.invokeMethod(TestInvoker.java:673)\r\n\tat org.testng.internal.invokers.TestInvoker.retryFailed(TestInvoker.java:262)\r\n\tat org.testng.internal.invokers.MethodRunner.runInSequence(MethodRunner.java:62)\r\n\tat org.testng.internal.invokers.TestInvoker$MethodInvocationAgent.invoke(TestInvoker.java:945)\r\n\tat org.testng.internal.invokers.TestInvoker.invokeTestMethods(TestInvoker.java:193)\r\n\tat org.testng.internal.invokers.TestMethodWorker.invokeTestMethods(TestMethodWorker.java:146)\r\n\tat org.testng.internal.invokers.TestMethodWorker.run(TestMethodWorker.java:128)\r\n\tat java.base/java.util.ArrayList.forEach(ArrayList.java:1541)\r\n\tat org.testng.TestRunner.privateRun(TestRunner.java:808)\r\n\tat org.testng.TestRunner.run(TestRunner.java:603)\r\n\tat org.testng.SuiteRunner.runTest(SuiteRunner.java:429)\r\n\tat org.testng.SuiteRunner.runSequentially(SuiteRunner.java:423)\r\n\tat org.testng.SuiteRunner.privateRun(SuiteRunner.java:383)\r\n\tat org.testng.SuiteRunner.run(SuiteRunner.java:326)\r\n\tat org.testng.SuiteRunnerWorker.runSuite(SuiteRunnerWorker.java:52)\r\n\tat org.testng.SuiteRunnerWorker.run(SuiteRunnerWorker.java:95)\r\n\tat org.testng.TestNG.runSuitesSequentially(TestNG.java:1249)\r\n\tat org.testng.TestNG.runSuitesLocally(TestNG.java:1169)\r\n\tat org.testng.TestNG.runSuites(TestNG.java:1092)\r\n\tat org.testng.TestNG.run(TestNG.java:1060)\r\n\tat org.apache.maven.surefire.testng.TestNGExecutor.run(TestNGExecutor.java:281)\r\n\tat org.apache.maven.surefire.testng.TestNGXmlTestSuite.execute(TestNGXmlTestSuite.java:75)\r\n\tat org.apache.maven.surefire.testng.TestNGProvider.invoke(TestNGProvider.java:121)\r\n\tat org.apache.maven.surefire.booter.ForkedBooter.invokeProviderInSameClassLoader(ForkedBooter.java:290)\r\n\tat org.apache.maven.surefire.booter.ForkedBooter.runSuitesInProcess(ForkedBooter.java:242)\r\n\tat org.apache.maven.surefire.booter.ForkedBooter.main(ForkedBooter.java:121)\r\n","steps":[],"attachments":[],"parameters":[{"name":"usernameValue","value":"jayant.rajput@infobeans.com.regsb"},{"name":"passwordValue","value":"Sales@12345"}],"stepsCount":0,"hasContent":true,"shouldDisplayMessage":true,"attachmentsCount":0}],"attachments":[],"parameters":[],"stepsCount":25,"hasContent":true,"shouldDisplayMessage":false,"attachmentsCount":0},"afterStages":[{"name":"closeWindow","time":{"start":1691144399192,"stop":1691144399470,"duration":278},"description":"","status":"passed","steps":[],"attachments":[],"parameters":[],"stepsCount":0,"hasContent":false,"shouldDisplayMessage":false,"attachmentsCount":0},{"name":"tearDown","time":{"start":1691144678280,"stop":1691144678452,"duration":172},"description":"","status":"passed","steps":[],"attachments":[],"parameters":[],"stepsCount":0,"hasContent":false,"shouldDisplayMessage":false,"attachmentsCount":0},{"name":"logout","time":{"start":1691144678280,"stop":1691144678280,"duration":0},"description":"","status":"passed","steps":[],"attachments":[],"parameters":[],"stepsCount":0,"hasContent":false,"shouldDisplayMessage":false,"attachmentsCount":0}],"labels":[{"name":"package","value":"Test.Person.SalesOrderGenrations"},{"name":"testClass","value":"Test.Person.SalesOrderGenrations"},{"name":"testMethod","value":"bookUnitAfterClickAllMandatoryDetailsTC001"},{"name":"parentSuite","value":"Suite"},{"name":"suite","value":"Test"},{"name":"subSuite","value":"Test.Person.SalesOrderGenrations"},{"name":"host","value":"fv-az206-452"},{"name":"thread","value":"3468@fv-az206-452.main(1)"},{"name":"framework","value":"testng"},{"name":"language","value":"java"},{"name":"resultFormat","value":"allure2"}],"parameters":[],"links":[],"hidden":true,"retry":true,"extra":{"categories":[],"tags":[]},"source":"9ea3bcb675fd5f58.json","parameterValues":[]}