{"uid":"afb8c43424234de1","name":"Verify the user able to update the mobile number and email id after login with the admin","fullName":"Test.Person.LeadConversionTest.adminLoginEmailMobUpdateTC003","historyId":"d6a4f690cbd28b499fca7516670bfd9a","time":{"start":1691049514804,"stop":1691049678261,"duration":163457},"status":"skipped","statusMessage":"Expected condition failed: waiting for visibility of Proxy element for: DefaultElementLocator 'By.cssSelector: div[class='actions ']' (tried for 20 second(s) with 500 MILLISECONDS interval)","statusTrace":"org.openqa.selenium.TimeoutException: Expected condition failed: waiting for visibility of Proxy element for: DefaultElementLocator 'By.cssSelector: div[class='actions ']' (tried for 20 second(s) with 500 MILLISECONDS interval)\r\n\tat org.openqa.selenium.support.ui.WebDriverWait.timeoutException(WebDriverWait.java:82)\r\n\tat org.openqa.selenium.support.ui.FluentWait.until(FluentWait.java:231)\r\n\tat Pom.Person.LeadChagesAdmin.searchLeadAndUpdateIt(LeadChagesAdmin.java:109)\r\n\tat Test.Person.LeadConversionTest.adminLoginEmailMobUpdateTC003(LeadConversionTest.java:92)\r\n\tat java.base/jdk.internal.reflect.NativeMethodAccessorImpl.invoke0(Native Method)\r\n\tat java.base/jdk.internal.reflect.NativeMethodAccessorImpl.invoke(NativeMethodAccessorImpl.java:62)\r\n\tat java.base/jdk.internal.reflect.DelegatingMethodAccessorImpl.invoke(DelegatingMethodAccessorImpl.java:43)\r\n\tat java.base/java.lang.reflect.Method.invoke(Method.java:566)\r\n\tat org.testng.internal.invokers.MethodInvocationHelper.invokeMethod(MethodInvocationHelper.java:135)\r\n\tat org.testng.internal.invokers.TestInvoker.invokeMethod(TestInvoker.java:673)\r\n\tat org.testng.internal.invokers.TestInvoker.invokeTestMethod(TestInvoker.java:220)\r\n\tat org.testng.internal.invokers.MethodRunner.runInSequence(MethodRunner.java:50)\r\n\tat org.testng.internal.invokers.TestInvoker$MethodInvocationAgent.invoke(TestInvoker.java:945)\r\n\tat org.testng.internal.invokers.TestInvoker.invokeTestMethods(TestInvoker.java:193)\r\n\tat org.testng.internal.invokers.TestMethodWorker.invokeTestMethods(TestMethodWorker.java:146)\r\n\tat org.testng.internal.invokers.TestMethodWorker.run(TestMethodWorker.java:128)\r\n\tat java.base/java.util.ArrayList.forEach(ArrayList.java:1541)\r\n\tat org.testng.TestRunner.privateRun(TestRunner.java:808)\r\n\tat org.testng.TestRunner.run(TestRunner.java:603)\r\n\tat org.testng.SuiteRunner.runTest(SuiteRunner.java:429)\r\n\tat org.testng.SuiteRunner.runSequentially(SuiteRunner.java:423)\r\n\tat org.testng.SuiteRunner.privateRun(SuiteRunner.java:383)\r\n\tat org.testng.SuiteRunner.run(SuiteRunner.java:326)\r\n\tat org.testng.SuiteRunnerWorker.runSuite(SuiteRunnerWorker.java:52)\r\n\tat org.testng.SuiteRunnerWorker.run(SuiteRunnerWorker.java:95)\r\n\tat org.testng.TestNG.runSuitesSequentially(TestNG.java:1249)\r\n\tat org.testng.TestNG.runSuitesLocally(TestNG.java:1169)\r\n\tat org.testng.TestNG.runSuites(TestNG.java:1092)\r\n\tat org.testng.TestNG.run(TestNG.java:1060)\r\n\tat org.apache.maven.surefire.testng.TestNGExecutor.run(TestNGExecutor.java:281)\r\n\tat org.apache.maven.surefire.testng.TestNGXmlTestSuite.execute(TestNGXmlTestSuite.java:75)\r\n\tat org.apache.maven.surefire.testng.TestNGProvider.invoke(TestNGProvider.java:121)\r\n\tat org.apache.maven.surefire.booter.ForkedBooter.invokeProviderInSameClassLoader(ForkedBooter.java:290)\r\n\tat org.apache.maven.surefire.booter.ForkedBooter.runSuitesInProcess(ForkedBooter.java:242)\r\n\tat org.apache.maven.surefire.booter.ForkedBooter.main(ForkedBooter.java:121)\r\nCaused by: org.openqa.selenium.NoSuchElementException: no such element: Unable to locate element: {\"method\":\"css selector\",\"selector\":\"div[class='actions ']\"}\n  (Session info: chrome=115.0.5790.102)\nFor documentation on this error, please visit: http://seleniumhq.org/exceptions/no_such_element.html\nBuild info: version: '3.6.0', revision: '6fbf3ec767', time: '2017-09-27T15:28:36.4Z'\nSystem info: host: 'fv-az206-536', ip: '10.1.0.148', os.name: 'Windows Server 2022', os.arch: 'amd64', os.version: '10.0', java.version: '11.0.20'\nDriver info: org.openqa.selenium.chrome.ChromeDriver\nCapabilities [{networkConnectionEnabled=false, chrome={chromedriverVersion=114.0.5735.90 (386bc09e8f4f2e025eddae123f36f6263096ae49-refs/branch-heads/5735@{#1052}), userDataDir=C:\\Windows\\SystemTemp\\scoped_dir1132_142929320}, timeouts={implicit=0, pageLoad=300000, script=30000}, pageLoadStrategy=normal, unhandledPromptBehavior=dismiss and notify, strictFileInteractability=false, platform=WINDOWS, proxy=Proxy(), webauthn:extension:minPinLength=true, goog:chromeOptions={debuggerAddress=localhost:50015}, webauthn:extension:credBlob=true, webauthn:extension:prf=true, acceptInsecureCerts=false, browserVersion=115.0.5790.102, browserName=chrome, javascriptEnabled=true, platformName=WINDOWS, setWindowRect=true, webauthn:extension:largeBlob=true, webauthn:virtualAuthenticators=true}]\nSession ID: e28084b5081ac4b419e1dd0ed8c5f6fc\n*** Element info: {Using=css selector, value=div[class='actions ']}\r\n\tat java.base/jdk.internal.reflect.NativeConstructorAccessorImpl.newInstance0(Native Method)\r\n\tat java.base/jdk.internal.reflect.NativeConstructorAccessorImpl.newInstance(NativeConstructorAccessorImpl.java:62)\r\n\tat java.base/jdk.internal.reflect.DelegatingConstructorAccessorImpl.newInstance(DelegatingConstructorAccessorImpl.java:45)\r\n\tat java.base/java.lang.reflect.Constructor.newInstance(Constructor.java:490)\r\n\tat org.openqa.selenium.remote.http.W3CHttpResponseCodec.createException(W3CHttpResponseCodec.java:185)\r\n\tat org.openqa.selenium.remote.http.W3CHttpResponseCodec.decode(W3CHttpResponseCodec.java:120)\r\n\tat org.openqa.selenium.remote.http.W3CHttpResponseCodec.decode(W3CHttpResponseCodec.java:49)\r\n\tat org.openqa.selenium.remote.HttpCommandExecutor.execute(HttpCommandExecutor.java:164)\r\n\tat org.openqa.selenium.remote.service.DriverCommandExecutor.execute(DriverCommandExecutor.java:83)\r\n\tat org.openqa.selenium.remote.RemoteWebDriver.execute(RemoteWebDriver.java:586)\r\n\tat org.openqa.selenium.remote.RemoteWebDriver.findElement(RemoteWebDriver.java:356)\r\n\tat org.openqa.selenium.remote.RemoteWebDriver.findElementByCssSelector(RemoteWebDriver.java:450)\r\n\tat org.openqa.selenium.By$ByCssSelector.findElement(By.java:430)\r\n\tat org.openqa.selenium.remote.RemoteWebDriver.findElement(RemoteWebDriver.java:348)\r\n\tat org.openqa.selenium.support.pagefactory.DefaultElementLocator.findElement(DefaultElementLocator.java:69)\r\n\tat org.openqa.selenium.support.pagefactory.internal.LocatingElementHandler.invoke(LocatingElementHandler.java:38)\r\n\tat com.sun.proxy.$Proxy15.isDisplayed(Unknown Source)\r\n\tat org.openqa.selenium.support.ui.ExpectedConditions.elementIfVisible(ExpectedConditions.java:301)\r\n\tat org.openqa.selenium.support.ui.ExpectedConditions.access$100(ExpectedConditions.java:43)\r\n\tat org.openqa.selenium.support.ui.ExpectedConditions$10.apply(ExpectedConditions.java:287)\r\n\tat org.openqa.selenium.support.ui.ExpectedConditions$10.apply(ExpectedConditions.java:284)\r\n\tat org.openqa.selenium.support.ui.FluentWait.until(FluentWait.java:208)\r\n\t... 33 more\r\n","flaky":false,"newFailed":false,"newBroken":false,"newPassed":false,"retriesCount":0,"retriesStatusChange":false,"beforeStages":[{"name":"launchBrowser","time":{"start":1691049243349,"stop":1691049283455,"duration":40106},"description":"","status":"passed","steps":[],"attachments":[],"parameters":[],"stepsCount":0,"hasContent":false,"shouldDisplayMessage":false,"attachmentsCount":0},{"name":"extractDataExcleAndObjectOfClassCreations","time":{"start":1691049514430,"stop":1691049514801,"duration":371},"description":"","status":"passed","steps":[],"attachments":[],"parameters":[],"stepsCount":0,"hasContent":false,"shouldDisplayMessage":false,"attachmentsCount":0},{"name":"beforeMethod","time":{"start":1691049514802,"stop":1691049514802,"duration":0},"description":"","status":"passed","steps":[],"attachments":[],"parameters":[],"stepsCount":0,"hasContent":false,"shouldDisplayMessage":false,"attachmentsCount":0}],"testStage":{"status":"skipped","statusMessage":"Expected condition failed: waiting for visibility of Proxy element for: DefaultElementLocator 'By.cssSelector: div[class='actions ']' (tried for 20 second(s) with 500 MILLISECONDS interval)","statusTrace":"org.openqa.selenium.TimeoutException: Expected condition failed: waiting for visibility of Proxy element for: DefaultElementLocator 'By.cssSelector: div[class='actions ']' (tried for 20 second(s) with 500 MILLISECONDS interval)\r\n\tat org.openqa.selenium.support.ui.WebDriverWait.timeoutException(WebDriverWait.java:82)\r\n\tat org.openqa.selenium.support.ui.FluentWait.until(FluentWait.java:231)\r\n\tat Pom.Person.LeadChagesAdmin.searchLeadAndUpdateIt(LeadChagesAdmin.java:109)\r\n\tat Test.Person.LeadConversionTest.adminLoginEmailMobUpdateTC003(LeadConversionTest.java:92)\r\n\tat java.base/jdk.internal.reflect.NativeMethodAccessorImpl.invoke0(Native Method)\r\n\tat java.base/jdk.internal.reflect.NativeMethodAccessorImpl.invoke(NativeMethodAccessorImpl.java:62)\r\n\tat java.base/jdk.internal.reflect.DelegatingMethodAccessorImpl.invoke(DelegatingMethodAccessorImpl.java:43)\r\n\tat java.base/java.lang.reflect.Method.invoke(Method.java:566)\r\n\tat org.testng.internal.invokers.MethodInvocationHelper.invokeMethod(MethodInvocationHelper.java:135)\r\n\tat org.testng.internal.invokers.TestInvoker.invokeMethod(TestInvoker.java:673)\r\n\tat org.testng.internal.invokers.TestInvoker.invokeTestMethod(TestInvoker.java:220)\r\n\tat org.testng.internal.invokers.MethodRunner.runInSequence(MethodRunner.java:50)\r\n\tat org.testng.internal.invokers.TestInvoker$MethodInvocationAgent.invoke(TestInvoker.java:945)\r\n\tat org.testng.internal.invokers.TestInvoker.invokeTestMethods(TestInvoker.java:193)\r\n\tat org.testng.internal.invokers.TestMethodWorker.invokeTestMethods(TestMethodWorker.java:146)\r\n\tat org.testng.internal.invokers.TestMethodWorker.run(TestMethodWorker.java:128)\r\n\tat java.base/java.util.ArrayList.forEach(ArrayList.java:1541)\r\n\tat org.testng.TestRunner.privateRun(TestRunner.java:808)\r\n\tat org.testng.TestRunner.run(TestRunner.java:603)\r\n\tat org.testng.SuiteRunner.runTest(SuiteRunner.java:429)\r\n\tat org.testng.SuiteRunner.runSequentially(SuiteRunner.java:423)\r\n\tat org.testng.SuiteRunner.privateRun(SuiteRunner.java:383)\r\n\tat org.testng.SuiteRunner.run(SuiteRunner.java:326)\r\n\tat org.testng.SuiteRunnerWorker.runSuite(SuiteRunnerWorker.java:52)\r\n\tat org.testng.SuiteRunnerWorker.run(SuiteRunnerWorker.java:95)\r\n\tat org.testng.TestNG.runSuitesSequentially(TestNG.java:1249)\r\n\tat org.testng.TestNG.runSuitesLocally(TestNG.java:1169)\r\n\tat org.testng.TestNG.runSuites(TestNG.java:1092)\r\n\tat org.testng.TestNG.run(TestNG.java:1060)\r\n\tat org.apache.maven.surefire.testng.TestNGExecutor.run(TestNGExecutor.java:281)\r\n\tat org.apache.maven.surefire.testng.TestNGXmlTestSuite.execute(TestNGXmlTestSuite.java:75)\r\n\tat org.apache.maven.surefire.testng.TestNGProvider.invoke(TestNGProvider.java:121)\r\n\tat org.apache.maven.surefire.booter.ForkedBooter.invokeProviderInSameClassLoader(ForkedBooter.java:290)\r\n\tat org.apache.maven.surefire.booter.ForkedBooter.runSuitesInProcess(ForkedBooter.java:242)\r\n\tat org.apache.maven.surefire.booter.ForkedBooter.main(ForkedBooter.java:121)\r\nCaused by: org.openqa.selenium.NoSuchElementException: no such element: Unable to locate element: {\"method\":\"css selector\",\"selector\":\"div[class='actions ']\"}\n  (Session info: chrome=115.0.5790.102)\nFor documentation on this error, please visit: http://seleniumhq.org/exceptions/no_such_element.html\nBuild info: version: '3.6.0', revision: '6fbf3ec767', time: '2017-09-27T15:28:36.4Z'\nSystem info: host: 'fv-az206-536', ip: '10.1.0.148', os.name: 'Windows Server 2022', os.arch: 'amd64', os.version: '10.0', java.version: '11.0.20'\nDriver info: org.openqa.selenium.chrome.ChromeDriver\nCapabilities [{networkConnectionEnabled=false, chrome={chromedriverVersion=114.0.5735.90 (386bc09e8f4f2e025eddae123f36f6263096ae49-refs/branch-heads/5735@{#1052}), userDataDir=C:\\Windows\\SystemTemp\\scoped_dir1132_142929320}, timeouts={implicit=0, pageLoad=300000, script=30000}, pageLoadStrategy=normal, unhandledPromptBehavior=dismiss and notify, strictFileInteractability=false, platform=WINDOWS, proxy=Proxy(), webauthn:extension:minPinLength=true, goog:chromeOptions={debuggerAddress=localhost:50015}, webauthn:extension:credBlob=true, webauthn:extension:prf=true, acceptInsecureCerts=false, browserVersion=115.0.5790.102, browserName=chrome, javascriptEnabled=true, platformName=WINDOWS, setWindowRect=true, webauthn:extension:largeBlob=true, webauthn:virtualAuthenticators=true}]\nSession ID: e28084b5081ac4b419e1dd0ed8c5f6fc\n*** Element info: {Using=css selector, value=div[class='actions ']}\r\n\tat java.base/jdk.internal.reflect.NativeConstructorAccessorImpl.newInstance0(Native Method)\r\n\tat java.base/jdk.internal.reflect.NativeConstructorAccessorImpl.newInstance(NativeConstructorAccessorImpl.java:62)\r\n\tat java.base/jdk.internal.reflect.DelegatingConstructorAccessorImpl.newInstance(DelegatingConstructorAccessorImpl.java:45)\r\n\tat java.base/java.lang.reflect.Constructor.newInstance(Constructor.java:490)\r\n\tat org.openqa.selenium.remote.http.W3CHttpResponseCodec.createException(W3CHttpResponseCodec.java:185)\r\n\tat org.openqa.selenium.remote.http.W3CHttpResponseCodec.decode(W3CHttpResponseCodec.java:120)\r\n\tat org.openqa.selenium.remote.http.W3CHttpResponseCodec.decode(W3CHttpResponseCodec.java:49)\r\n\tat org.openqa.selenium.remote.HttpCommandExecutor.execute(HttpCommandExecutor.java:164)\r\n\tat org.openqa.selenium.remote.service.DriverCommandExecutor.execute(DriverCommandExecutor.java:83)\r\n\tat org.openqa.selenium.remote.RemoteWebDriver.execute(RemoteWebDriver.java:586)\r\n\tat org.openqa.selenium.remote.RemoteWebDriver.findElement(RemoteWebDriver.java:356)\r\n\tat org.openqa.selenium.remote.RemoteWebDriver.findElementByCssSelector(RemoteWebDriver.java:450)\r\n\tat org.openqa.selenium.By$ByCssSelector.findElement(By.java:430)\r\n\tat org.openqa.selenium.remote.RemoteWebDriver.findElement(RemoteWebDriver.java:348)\r\n\tat org.openqa.selenium.support.pagefactory.DefaultElementLocator.findElement(DefaultElementLocator.java:69)\r\n\tat org.openqa.selenium.support.pagefactory.internal.LocatingElementHandler.invoke(LocatingElementHandler.java:38)\r\n\tat com.sun.proxy.$Proxy15.isDisplayed(Unknown Source)\r\n\tat org.openqa.selenium.support.ui.ExpectedConditions.elementIfVisible(ExpectedConditions.java:301)\r\n\tat org.openqa.selenium.support.ui.ExpectedConditions.access$100(ExpectedConditions.java:43)\r\n\tat org.openqa.selenium.support.ui.ExpectedConditions$10.apply(ExpectedConditions.java:287)\r\n\tat org.openqa.selenium.support.ui.ExpectedConditions$10.apply(ExpectedConditions.java:284)\r\n\tat org.openqa.selenium.support.ui.FluentWait.until(FluentWait.java:208)\r\n\t... 33 more\r\n","steps":[{"name":"User login sandbox with the correct credentials","time":{"start":1691049514805,"stop":1691049521155,"duration":6350},"status":"passed","steps":[],"attachments":[],"parameters":[{"name":"usernameValue","value":"jayant.rajput@infobeans.com.regsb"},{"name":"passwordValue","value":"Sales@12345"}],"stepsCount":0,"hasContent":true,"shouldDisplayMessage":false,"attachmentsCount":0},{"name":"Fill the data in the lead page","time":{"start":1691049521155,"stop":1691049553778,"duration":32623},"status":"passed","steps":[{"name":"Add the random name middle name and the last name","time":{"start":1691049521155,"stop":1691049534226,"duration":13071},"status":"passed","steps":[],"attachments":[],"parameters":[{"name":"firstNameValue","value":"Autmation369"},{"name":"MiddleNameValue","value":"Automation"},{"name":"lastNameValue","value":"Autmation66426"}],"stepsCount":0,"hasContent":true,"shouldDisplayMessage":false,"attachmentsCount":0},{"name":"Fill the data form dropdown to create lead","time":{"start":1691049534226,"stop":1691049535023,"duration":797},"status":"passed","steps":[],"attachments":[],"parameters":[{"name":"dropdownTypes","value":"Customer Type, --None--"},{"name":"dropdownValues","value":"New Customer"}],"stepsCount":0,"hasContent":true,"shouldDisplayMessage":false,"attachmentsCount":0},{"name":"Fill the data form dropdown to create lead","time":{"start":1691049535472,"stop":1691049536440,"duration":968},"status":"passed","steps":[],"attachments":[],"parameters":[{"name":"dropdownTypes","value":"Sales Type, --None--"},{"name":"dropdownValues","value":"Institutional"}],"stepsCount":0,"hasContent":true,"shouldDisplayMessage":false,"attachmentsCount":0},{"name":"Fill the data form dropdown to create lead","time":{"start":1691049536441,"stop":1691049537522,"duration":1081},"status":"passed","steps":[],"attachments":[],"parameters":[{"name":"dropdownTypes","value":"Property Usage, --None--"},{"name":"dropdownValues","value":"Corporate"}],"stepsCount":0,"hasContent":true,"shouldDisplayMessage":false,"attachmentsCount":0},{"name":"Fill the data form dropdown to create lead","time":{"start":1691049537522,"stop":1691049538731,"duration":1209},"status":"passed","steps":[],"attachments":[],"parameters":[{"name":"dropdownTypes","value":"Project, --None--"},{"name":"dropdownValues","value":"Al Bandar Plaza"}],"stepsCount":0,"hasContent":true,"shouldDisplayMessage":false,"attachmentsCount":0},{"name":"Fill the data form dropdown to create lead","time":{"start":1691049538732,"stop":1691049540952,"duration":2220},"status":"passed","steps":[],"attachments":[],"parameters":[{"name":"dropdownTypes","value":"Sales Origin, --None--"},{"name":"dropdownValues","value":"Domestic"}],"stepsCount":0,"hasContent":true,"shouldDisplayMessage":false,"attachmentsCount":0},{"name":"Fill the data form dropdown to create lead","time":{"start":1691049540952,"stop":1691049543447,"duration":2495},"status":"passed","steps":[],"attachments":[],"parameters":[{"name":"dropdownTypes","value":"Method of Contact, --None--"},{"name":"dropdownValues","value":"Walk-In"}],"stepsCount":0,"hasContent":true,"shouldDisplayMessage":false,"attachmentsCount":0},{"name":"Fill the data form dropdown to create lead","time":{"start":1691049543451,"stop":1691049545922,"duration":2471},"status":"passed","steps":[],"attachments":[],"parameters":[{"name":"dropdownTypes","value":"Enquiry Category, --None--"},{"name":"dropdownValues","value":"Roadshow"}],"stepsCount":0,"hasContent":true,"shouldDisplayMessage":false,"attachmentsCount":0},{"name":"Fill the data form dropdown to create lead","time":{"start":1691049545922,"stop":1691049548585,"duration":2663},"status":"passed","steps":[],"attachments":[],"parameters":[{"name":"dropdownTypes","value":"Enquiry Trigger, --None--"},{"name":"dropdownValues","value":"International Events & Exhibitions"}],"stepsCount":0,"hasContent":true,"shouldDisplayMessage":false,"attachmentsCount":0},{"name":"Click on save button","time":{"start":1691049548585,"stop":1691049553778,"duration":5193},"status":"passed","steps":[],"attachments":[],"parameters":[],"stepsCount":0,"hasContent":false,"shouldDisplayMessage":false,"attachmentsCount":0}],"attachments":[],"parameters":[{"name":"firstName","value":"Autmation369"},{"name":"middleName","value":"Automation"},{"name":"LastName","value":"Autmation66426"}],"stepsCount":10,"hasContent":true,"shouldDisplayMessage":false,"attachmentsCount":0},{"name":"Get the unique id of the lead from the lead page","time":{"start":1691049553778,"stop":1691049557418,"duration":3640},"status":"passed","steps":[],"attachments":[],"parameters":[],"stepsCount":0,"hasContent":false,"shouldDisplayMessage":false,"attachmentsCount":0},{"name":"Validate the status of the lead after click on the lead that is inprocess or completed","time":{"start":1691049557418,"stop":1691049559478,"duration":2060},"status":"passed","steps":[],"attachments":[],"parameters":[],"stepsCount":0,"hasContent":false,"shouldDisplayMessage":false,"attachmentsCount":0},{"name":"logout from the account","time":{"start":1691049559701,"stop":1691049560402,"duration":701},"status":"passed","steps":[],"attachments":[],"parameters":[],"stepsCount":0,"hasContent":false,"shouldDisplayMessage":false,"attachmentsCount":0},{"name":"User login sandbox with the correct credentials","time":{"start":1691049560445,"stop":1691049568981,"duration":8536},"status":"passed","steps":[],"attachments":[],"parameters":[{"name":"usernameValue","value":"arbaaz.khan@infobeans.com.regsb"},{"name":"passwordValue","value":"Amk@0101.IT1"}],"stepsCount":0,"hasContent":true,"shouldDisplayMessage":false,"attachmentsCount":0},{"name":"globally search for the lead and click on the lead","time":{"start":1691049569013,"stop":1691049678261,"duration":109248},"status":"broken","statusMessage":"Expected condition failed: waiting for visibility of Proxy element for: DefaultElementLocator 'By.cssSelector: div[class='actions ']' (tried for 20 second(s) with 500 MILLISECONDS interval)","statusTrace":"org.openqa.selenium.TimeoutException: Expected condition failed: waiting for visibility of Proxy element for: DefaultElementLocator 'By.cssSelector: div[class='actions ']' (tried for 20 second(s) with 500 MILLISECONDS interval)\r\n\tat org.openqa.selenium.support.ui.WebDriverWait.timeoutException(WebDriverWait.java:82)\r\n\tat org.openqa.selenium.support.ui.FluentWait.until(FluentWait.java:231)\r\n\tat Pom.Person.LeadChagesAdmin.searchLeadAndUpdateIt(LeadChagesAdmin.java:109)\r\n\tat Test.Person.LeadConversionTest.adminLoginEmailMobUpdateTC003(LeadConversionTest.java:92)\r\n\tat java.base/jdk.internal.reflect.NativeMethodAccessorImpl.invoke0(Native Method)\r\n\tat java.base/jdk.internal.reflect.NativeMethodAccessorImpl.invoke(NativeMethodAccessorImpl.java:62)\r\n\tat java.base/jdk.internal.reflect.DelegatingMethodAccessorImpl.invoke(DelegatingMethodAccessorImpl.java:43)\r\n\tat java.base/java.lang.reflect.Method.invoke(Method.java:566)\r\n\tat org.testng.internal.invokers.MethodInvocationHelper.invokeMethod(MethodInvocationHelper.java:135)\r\n\tat org.testng.internal.invokers.TestInvoker.invokeMethod(TestInvoker.java:673)\r\n\tat org.testng.internal.invokers.TestInvoker.invokeTestMethod(TestInvoker.java:220)\r\n\tat org.testng.internal.invokers.MethodRunner.runInSequence(MethodRunner.java:50)\r\n\tat org.testng.internal.invokers.TestInvoker$MethodInvocationAgent.invoke(TestInvoker.java:945)\r\n\tat org.testng.internal.invokers.TestInvoker.invokeTestMethods(TestInvoker.java:193)\r\n\tat org.testng.internal.invokers.TestMethodWorker.invokeTestMethods(TestMethodWorker.java:146)\r\n\tat org.testng.internal.invokers.TestMethodWorker.run(TestMethodWorker.java:128)\r\n\tat java.base/java.util.ArrayList.forEach(ArrayList.java:1541)\r\n\tat org.testng.TestRunner.privateRun(TestRunner.java:808)\r\n\tat org.testng.TestRunner.run(TestRunner.java:603)\r\n\tat org.testng.SuiteRunner.runTest(SuiteRunner.java:429)\r\n\tat org.testng.SuiteRunner.runSequentially(SuiteRunner.java:423)\r\n\tat org.testng.SuiteRunner.privateRun(SuiteRunner.java:383)\r\n\tat org.testng.SuiteRunner.run(SuiteRunner.java:326)\r\n\tat org.testng.SuiteRunnerWorker.runSuite(SuiteRunnerWorker.java:52)\r\n\tat org.testng.SuiteRunnerWorker.run(SuiteRunnerWorker.java:95)\r\n\tat org.testng.TestNG.runSuitesSequentially(TestNG.java:1249)\r\n\tat org.testng.TestNG.runSuitesLocally(TestNG.java:1169)\r\n\tat org.testng.TestNG.runSuites(TestNG.java:1092)\r\n\tat org.testng.TestNG.run(TestNG.java:1060)\r\n\tat org.apache.maven.surefire.testng.TestNGExecutor.run(TestNGExecutor.java:281)\r\n\tat org.apache.maven.surefire.testng.TestNGXmlTestSuite.execute(TestNGXmlTestSuite.java:75)\r\n\tat org.apache.maven.surefire.testng.TestNGProvider.invoke(TestNGProvider.java:121)\r\n\tat org.apache.maven.surefire.booter.ForkedBooter.invokeProviderInSameClassLoader(ForkedBooter.java:290)\r\n\tat org.apache.maven.surefire.booter.ForkedBooter.runSuitesInProcess(ForkedBooter.java:242)\r\n\tat org.apache.maven.surefire.booter.ForkedBooter.main(ForkedBooter.java:121)\r\nCaused by: org.openqa.selenium.NoSuchElementException: no such element: Unable to locate element: {\"method\":\"css selector\",\"selector\":\"div[class='actions ']\"}\n  (Session info: chrome=115.0.5790.102)\nFor documentation on this error, please visit: http://seleniumhq.org/exceptions/no_such_element.html\nBuild info: version: '3.6.0', revision: '6fbf3ec767', time: '2017-09-27T15:28:36.4Z'\nSystem info: host: 'fv-az206-536', ip: '10.1.0.148', os.name: 'Windows Server 2022', os.arch: 'amd64', os.version: '10.0', java.version: '11.0.20'\nDriver info: org.openqa.selenium.chrome.ChromeDriver\nCapabilities [{networkConnectionEnabled=false, chrome={chromedriverVersion=114.0.5735.90 (386bc09e8f4f2e025eddae123f36f6263096ae49-refs/branch-heads/5735@{#1052}), userDataDir=C:\\Windows\\SystemTemp\\scoped_dir1132_142929320}, timeouts={implicit=0, pageLoad=300000, script=30000}, pageLoadStrategy=normal, unhandledPromptBehavior=dismiss and notify, strictFileInteractability=false, platform=WINDOWS, proxy=Proxy(), webauthn:extension:minPinLength=true, goog:chromeOptions={debuggerAddress=localhost:50015}, webauthn:extension:credBlob=true, webauthn:extension:prf=true, acceptInsecureCerts=false, browserVersion=115.0.5790.102, browserName=chrome, javascriptEnabled=true, platformName=WINDOWS, setWindowRect=true, webauthn:extension:largeBlob=true, webauthn:virtualAuthenticators=true}]\nSession ID: e28084b5081ac4b419e1dd0ed8c5f6fc\n*** Element info: {Using=css selector, value=div[class='actions ']}\r\n\tat java.base/jdk.internal.reflect.NativeConstructorAccessorImpl.newInstance0(Native Method)\r\n\tat java.base/jdk.internal.reflect.NativeConstructorAccessorImpl.newInstance(NativeConstructorAccessorImpl.java:62)\r\n\tat java.base/jdk.internal.reflect.DelegatingConstructorAccessorImpl.newInstance(DelegatingConstructorAccessorImpl.java:45)\r\n\tat java.base/java.lang.reflect.Constructor.newInstance(Constructor.java:490)\r\n\tat org.openqa.selenium.remote.http.W3CHttpResponseCodec.createException(W3CHttpResponseCodec.java:185)\r\n\tat org.openqa.selenium.remote.http.W3CHttpResponseCodec.decode(W3CHttpResponseCodec.java:120)\r\n\tat org.openqa.selenium.remote.http.W3CHttpResponseCodec.decode(W3CHttpResponseCodec.java:49)\r\n\tat org.openqa.selenium.remote.HttpCommandExecutor.execute(HttpCommandExecutor.java:164)\r\n\tat org.openqa.selenium.remote.service.DriverCommandExecutor.execute(DriverCommandExecutor.java:83)\r\n\tat org.openqa.selenium.remote.RemoteWebDriver.execute(RemoteWebDriver.java:586)\r\n\tat org.openqa.selenium.remote.RemoteWebDriver.findElement(RemoteWebDriver.java:356)\r\n\tat org.openqa.selenium.remote.RemoteWebDriver.findElementByCssSelector(RemoteWebDriver.java:450)\r\n\tat org.openqa.selenium.By$ByCssSelector.findElement(By.java:430)\r\n\tat org.openqa.selenium.remote.RemoteWebDriver.findElement(RemoteWebDriver.java:348)\r\n\tat org.openqa.selenium.support.pagefactory.DefaultElementLocator.findElement(DefaultElementLocator.java:69)\r\n\tat org.openqa.selenium.support.pagefactory.internal.LocatingElementHandler.invoke(LocatingElementHandler.java:38)\r\n\tat com.sun.proxy.$Proxy15.isDisplayed(Unknown Source)\r\n\tat org.openqa.selenium.support.ui.ExpectedConditions.elementIfVisible(ExpectedConditions.java:301)\r\n\tat org.openqa.selenium.support.ui.ExpectedConditions.access$100(ExpectedConditions.java:43)\r\n\tat org.openqa.selenium.support.ui.ExpectedConditions$10.apply(ExpectedConditions.java:287)\r\n\tat org.openqa.selenium.support.ui.ExpectedConditions$10.apply(ExpectedConditions.java:284)\r\n\tat org.openqa.selenium.support.ui.FluentWait.until(FluentWait.java:208)\r\n\t... 33 more\r\n","steps":[],"attachments":[],"parameters":[{"name":"value","value":"L00415619"}],"stepsCount":0,"hasContent":true,"shouldDisplayMessage":true,"attachmentsCount":0}],"attachments":[],"parameters":[],"stepsCount":17,"hasContent":true,"shouldDisplayMessage":false,"attachmentsCount":0},"afterStages":[{"name":"closeWindow","time":{"start":1691049678276,"stop":1691049678323,"duration":47},"description":"","status":"passed","steps":[],"attachments":[],"parameters":[],"stepsCount":0,"hasContent":false,"shouldDisplayMessage":false,"attachmentsCount":0},{"name":"logout","time":{"start":1691049968985,"stop":1691049968985,"duration":0},"description":"","status":"passed","steps":[],"attachments":[],"parameters":[],"stepsCount":0,"hasContent":false,"shouldDisplayMessage":false,"attachmentsCount":0},{"name":"tearDown","time":{"start":1691050105160,"stop":1691050105648,"duration":488},"description":"","status":"passed","steps":[],"attachments":[],"parameters":[],"stepsCount":0,"hasContent":false,"shouldDisplayMessage":false,"attachmentsCount":0}],"labels":[{"name":"package","value":"Test.Person.LeadConversionTest"},{"name":"testClass","value":"Test.Person.LeadConversionTest"},{"name":"testMethod","value":"adminLoginEmailMobUpdateTC003"},{"name":"parentSuite","value":"Suite"},{"name":"suite","value":"Test"},{"name":"subSuite","value":"Test.Person.LeadConversionTest"},{"name":"host","value":"fv-az206-536"},{"name":"thread","value":"3300@fv-az206-536.main(1)"},{"name":"framework","value":"testng"},{"name":"language","value":"java"},{"name":"resultFormat","value":"allure2"}],"parameters":[],"links":[],"hidden":true,"retry":true,"extra":{"categories":[],"tags":[]},"source":"afb8c43424234de1.json","parameterValues":[]}