{"uid":"f1e70f714173aa48","name":"Verify exclamation mark near reserve unit button appears after entering all and the mandatory details skip two documents .","fullName":"Test.Person.UnitSelection.exclamationMarkSkipTwoDocTC0011","historyId":"559fe50ca25a382a50bd434056f451f8","time":{"start":1691154285682,"stop":1691154434507,"duration":148825},"status":"skipped","statusMessage":"Expected condition failed: waiting for visibility of Proxy element for: DefaultElementLocator 'By.cssSelector: div[class='actions ']' (tried for 20 second(s) with 500 MILLISECONDS interval)","statusTrace":"org.openqa.selenium.TimeoutException: Expected condition failed: waiting for visibility of Proxy element for: DefaultElementLocator 'By.cssSelector: div[class='actions ']' (tried for 20 second(s) with 500 MILLISECONDS interval)\r\n\tat org.openqa.selenium.support.ui.WebDriverWait.timeoutException(WebDriverWait.java:82)\r\n\tat org.openqa.selenium.support.ui.FluentWait.until(FluentWait.java:231)\r\n\tat Pom.Person.LeadChagesAdmin.searchLeadAndUpdateIt(LeadChagesAdmin.java:109)\r\n\tat Test.Person.UnitSelection.exclamationMarkSkipTwoDocTC0011(UnitSelection.java:551)\r\n\tat java.base/jdk.internal.reflect.NativeMethodAccessorImpl.invoke0(Native Method)\r\n\tat java.base/jdk.internal.reflect.NativeMethodAccessorImpl.invoke(NativeMethodAccessorImpl.java:62)\r\n\tat java.base/jdk.internal.reflect.DelegatingMethodAccessorImpl.invoke(DelegatingMethodAccessorImpl.java:43)\r\n\tat java.base/java.lang.reflect.Method.invoke(Method.java:566)\r\n\tat org.testng.internal.invokers.MethodInvocationHelper.invokeMethod(MethodInvocationHelper.java:135)\r\n\tat org.testng.internal.invokers.TestInvoker.invokeMethod(TestInvoker.java:673)\r\n\tat org.testng.internal.invokers.TestInvoker.retryFailed(TestInvoker.java:262)\r\n\tat org.testng.internal.invokers.MethodRunner.runInSequence(MethodRunner.java:62)\r\n\tat org.testng.internal.invokers.TestInvoker$MethodInvocationAgent.invoke(TestInvoker.java:945)\r\n\tat org.testng.internal.invokers.TestInvoker.invokeTestMethods(TestInvoker.java:193)\r\n\tat org.testng.internal.invokers.TestMethodWorker.invokeTestMethods(TestMethodWorker.java:146)\r\n\tat org.testng.internal.invokers.TestMethodWorker.run(TestMethodWorker.java:128)\r\n\tat java.base/java.util.ArrayList.forEach(ArrayList.java:1541)\r\n\tat org.testng.TestRunner.privateRun(TestRunner.java:808)\r\n\tat org.testng.TestRunner.run(TestRunner.java:603)\r\n\tat org.testng.SuiteRunner.runTest(SuiteRunner.java:429)\r\n\tat org.testng.SuiteRunner.runSequentially(SuiteRunner.java:423)\r\n\tat org.testng.SuiteRunner.privateRun(SuiteRunner.java:383)\r\n\tat org.testng.SuiteRunner.run(SuiteRunner.java:326)\r\n\tat org.testng.SuiteRunnerWorker.runSuite(SuiteRunnerWorker.java:52)\r\n\tat org.testng.SuiteRunnerWorker.run(SuiteRunnerWorker.java:95)\r\n\tat org.testng.TestNG.runSuitesSequentially(TestNG.java:1249)\r\n\tat org.testng.TestNG.runSuitesLocally(TestNG.java:1169)\r\n\tat org.testng.TestNG.runSuites(TestNG.java:1092)\r\n\tat org.testng.TestNG.run(TestNG.java:1060)\r\n\tat org.apache.maven.surefire.testng.TestNGExecutor.run(TestNGExecutor.java:281)\r\n\tat org.apache.maven.surefire.testng.TestNGXmlTestSuite.execute(TestNGXmlTestSuite.java:75)\r\n\tat org.apache.maven.surefire.testng.TestNGProvider.invoke(TestNGProvider.java:121)\r\n\tat org.apache.maven.surefire.booter.ForkedBooter.invokeProviderInSameClassLoader(ForkedBooter.java:290)\r\n\tat org.apache.maven.surefire.booter.ForkedBooter.runSuitesInProcess(ForkedBooter.java:242)\r\n\tat org.apache.maven.surefire.booter.ForkedBooter.main(ForkedBooter.java:121)\r\nCaused by: org.openqa.selenium.NoSuchElementException: no such element: Unable to locate element: {\"method\":\"css selector\",\"selector\":\"div[class='actions ']\"}\n  (Session info: chrome=115.0.5790.110)\nFor documentation on this error, please visit: http://seleniumhq.org/exceptions/no_such_element.html\nBuild info: version: '3.6.0', revision: '6fbf3ec767', time: '2017-09-27T15:28:36.4Z'\nSystem info: host: 'fv-az277-167', ip: '10.1.0.39', os.name: 'Windows Server 2022', os.arch: 'amd64', os.version: '10.0', java.version: '11.0.20'\nDriver info: org.openqa.selenium.chrome.ChromeDriver\nCapabilities [{networkConnectionEnabled=false, chrome={chromedriverVersion=114.0.5735.90 (386bc09e8f4f2e025eddae123f36f6263096ae49-refs/branch-heads/5735@{#1052}), userDataDir=C:\\Windows\\SystemTemp\\scoped_dir6584_1918499929}, timeouts={implicit=0, pageLoad=300000, script=30000}, pageLoadStrategy=normal, unhandledPromptBehavior=dismiss and notify, strictFileInteractability=false, platform=WINDOWS, proxy=Proxy(), webauthn:extension:minPinLength=true, goog:chromeOptions={debuggerAddress=localhost:64307}, webauthn:extension:credBlob=true, webauthn:extension:prf=true, acceptInsecureCerts=false, browserVersion=115.0.5790.110, browserName=chrome, javascriptEnabled=true, platformName=WINDOWS, setWindowRect=true, webauthn:extension:largeBlob=true, webauthn:virtualAuthenticators=true}]\nSession ID: 613b18d2ec7387881bf5cfc2da0e8fc9\n*** Element info: {Using=css selector, value=div[class='actions ']}\r\n\tat jdk.internal.reflect.GeneratedConstructorAccessor64.newInstance(Unknown Source)\r\n\tat java.base/jdk.internal.reflect.DelegatingConstructorAccessorImpl.newInstance(DelegatingConstructorAccessorImpl.java:45)\r\n\tat java.base/java.lang.reflect.Constructor.newInstance(Constructor.java:490)\r\n\tat org.openqa.selenium.remote.http.W3CHttpResponseCodec.createException(W3CHttpResponseCodec.java:185)\r\n\tat org.openqa.selenium.remote.http.W3CHttpResponseCodec.decode(W3CHttpResponseCodec.java:120)\r\n\tat org.openqa.selenium.remote.http.W3CHttpResponseCodec.decode(W3CHttpResponseCodec.java:49)\r\n\tat org.openqa.selenium.remote.HttpCommandExecutor.execute(HttpCommandExecutor.java:164)\r\n\tat org.openqa.selenium.remote.service.DriverCommandExecutor.execute(DriverCommandExecutor.java:83)\r\n\tat org.openqa.selenium.remote.RemoteWebDriver.execute(RemoteWebDriver.java:586)\r\n\tat org.openqa.selenium.remote.RemoteWebDriver.findElement(RemoteWebDriver.java:356)\r\n\tat org.openqa.selenium.remote.RemoteWebDriver.findElementByCssSelector(RemoteWebDriver.java:450)\r\n\tat org.openqa.selenium.By$ByCssSelector.findElement(By.java:430)\r\n\tat org.openqa.selenium.remote.RemoteWebDriver.findElement(RemoteWebDriver.java:348)\r\n\tat org.openqa.selenium.support.pagefactory.DefaultElementLocator.findElement(DefaultElementLocator.java:69)\r\n\tat org.openqa.selenium.support.pagefactory.internal.LocatingElementHandler.invoke(LocatingElementHandler.java:38)\r\n\tat com.sun.proxy.$Proxy15.isDisplayed(Unknown Source)\r\n\tat org.openqa.selenium.support.ui.ExpectedConditions.elementIfVisible(ExpectedConditions.java:301)\r\n\tat org.openqa.selenium.support.ui.ExpectedConditions.access$100(ExpectedConditions.java:43)\r\n\tat org.openqa.selenium.support.ui.ExpectedConditions$10.apply(ExpectedConditions.java:287)\r\n\tat org.openqa.selenium.support.ui.ExpectedConditions$10.apply(ExpectedConditions.java:284)\r\n\tat org.openqa.selenium.support.ui.FluentWait.until(FluentWait.java:208)\r\n\t... 33 more\r\n","flaky":false,"newFailed":false,"newBroken":false,"newPassed":false,"retriesCount":0,"retriesStatusChange":false,"beforeStages":[{"name":"launchBrowser","time":{"start":1691148492236,"stop":1691148492252,"duration":16},"description":"","status":"passed","steps":[],"attachments":[],"parameters":[],"hasContent":false,"stepsCount":0,"shouldDisplayMessage":false,"attachmentsCount":0},{"name":"extractDataExcleAndObjectOfClassCreations","time":{"start":1691151907230,"stop":1691151907230,"duration":0},"description":"","status":"passed","steps":[],"attachments":[],"parameters":[],"hasContent":false,"stepsCount":0,"shouldDisplayMessage":false,"attachmentsCount":0},{"name":"beforeMethod","time":{"start":1691154282669,"stop":1691154285679,"duration":3010},"description":"","status":"passed","steps":[],"attachments":[],"parameters":[],"hasContent":false,"stepsCount":0,"shouldDisplayMessage":false,"attachmentsCount":0}],"testStage":{"status":"skipped","statusMessage":"Expected condition failed: waiting for visibility of Proxy element for: DefaultElementLocator 'By.cssSelector: div[class='actions ']' (tried for 20 second(s) with 500 MILLISECONDS interval)","statusTrace":"org.openqa.selenium.TimeoutException: Expected condition failed: waiting for visibility of Proxy element for: DefaultElementLocator 'By.cssSelector: div[class='actions ']' (tried for 20 second(s) with 500 MILLISECONDS interval)\r\n\tat org.openqa.selenium.support.ui.WebDriverWait.timeoutException(WebDriverWait.java:82)\r\n\tat org.openqa.selenium.support.ui.FluentWait.until(FluentWait.java:231)\r\n\tat Pom.Person.LeadChagesAdmin.searchLeadAndUpdateIt(LeadChagesAdmin.java:109)\r\n\tat Test.Person.UnitSelection.exclamationMarkSkipTwoDocTC0011(UnitSelection.java:551)\r\n\tat java.base/jdk.internal.reflect.NativeMethodAccessorImpl.invoke0(Native Method)\r\n\tat java.base/jdk.internal.reflect.NativeMethodAccessorImpl.invoke(NativeMethodAccessorImpl.java:62)\r\n\tat java.base/jdk.internal.reflect.DelegatingMethodAccessorImpl.invoke(DelegatingMethodAccessorImpl.java:43)\r\n\tat java.base/java.lang.reflect.Method.invoke(Method.java:566)\r\n\tat org.testng.internal.invokers.MethodInvocationHelper.invokeMethod(MethodInvocationHelper.java:135)\r\n\tat org.testng.internal.invokers.TestInvoker.invokeMethod(TestInvoker.java:673)\r\n\tat org.testng.internal.invokers.TestInvoker.retryFailed(TestInvoker.java:262)\r\n\tat org.testng.internal.invokers.MethodRunner.runInSequence(MethodRunner.java:62)\r\n\tat org.testng.internal.invokers.TestInvoker$MethodInvocationAgent.invoke(TestInvoker.java:945)\r\n\tat org.testng.internal.invokers.TestInvoker.invokeTestMethods(TestInvoker.java:193)\r\n\tat org.testng.internal.invokers.TestMethodWorker.invokeTestMethods(TestMethodWorker.java:146)\r\n\tat org.testng.internal.invokers.TestMethodWorker.run(TestMethodWorker.java:128)\r\n\tat java.base/java.util.ArrayList.forEach(ArrayList.java:1541)\r\n\tat org.testng.TestRunner.privateRun(TestRunner.java:808)\r\n\tat org.testng.TestRunner.run(TestRunner.java:603)\r\n\tat org.testng.SuiteRunner.runTest(SuiteRunner.java:429)\r\n\tat org.testng.SuiteRunner.runSequentially(SuiteRunner.java:423)\r\n\tat org.testng.SuiteRunner.privateRun(SuiteRunner.java:383)\r\n\tat org.testng.SuiteRunner.run(SuiteRunner.java:326)\r\n\tat org.testng.SuiteRunnerWorker.runSuite(SuiteRunnerWorker.java:52)\r\n\tat org.testng.SuiteRunnerWorker.run(SuiteRunnerWorker.java:95)\r\n\tat org.testng.TestNG.runSuitesSequentially(TestNG.java:1249)\r\n\tat org.testng.TestNG.runSuitesLocally(TestNG.java:1169)\r\n\tat org.testng.TestNG.runSuites(TestNG.java:1092)\r\n\tat org.testng.TestNG.run(TestNG.java:1060)\r\n\tat org.apache.maven.surefire.testng.TestNGExecutor.run(TestNGExecutor.java:281)\r\n\tat org.apache.maven.surefire.testng.TestNGXmlTestSuite.execute(TestNGXmlTestSuite.java:75)\r\n\tat org.apache.maven.surefire.testng.TestNGProvider.invoke(TestNGProvider.java:121)\r\n\tat org.apache.maven.surefire.booter.ForkedBooter.invokeProviderInSameClassLoader(ForkedBooter.java:290)\r\n\tat org.apache.maven.surefire.booter.ForkedBooter.runSuitesInProcess(ForkedBooter.java:242)\r\n\tat org.apache.maven.surefire.booter.ForkedBooter.main(ForkedBooter.java:121)\r\nCaused by: org.openqa.selenium.NoSuchElementException: no such element: Unable to locate element: {\"method\":\"css selector\",\"selector\":\"div[class='actions ']\"}\n  (Session info: chrome=115.0.5790.110)\nFor documentation on this error, please visit: http://seleniumhq.org/exceptions/no_such_element.html\nBuild info: version: '3.6.0', revision: '6fbf3ec767', time: '2017-09-27T15:28:36.4Z'\nSystem info: host: 'fv-az277-167', ip: '10.1.0.39', os.name: 'Windows Server 2022', os.arch: 'amd64', os.version: '10.0', java.version: '11.0.20'\nDriver info: org.openqa.selenium.chrome.ChromeDriver\nCapabilities [{networkConnectionEnabled=false, chrome={chromedriverVersion=114.0.5735.90 (386bc09e8f4f2e025eddae123f36f6263096ae49-refs/branch-heads/5735@{#1052}), userDataDir=C:\\Windows\\SystemTemp\\scoped_dir6584_1918499929}, timeouts={implicit=0, pageLoad=300000, script=30000}, pageLoadStrategy=normal, unhandledPromptBehavior=dismiss and notify, strictFileInteractability=false, platform=WINDOWS, proxy=Proxy(), webauthn:extension:minPinLength=true, goog:chromeOptions={debuggerAddress=localhost:64307}, webauthn:extension:credBlob=true, webauthn:extension:prf=true, acceptInsecureCerts=false, browserVersion=115.0.5790.110, browserName=chrome, javascriptEnabled=true, platformName=WINDOWS, setWindowRect=true, webauthn:extension:largeBlob=true, webauthn:virtualAuthenticators=true}]\nSession ID: 613b18d2ec7387881bf5cfc2da0e8fc9\n*** Element info: {Using=css selector, value=div[class='actions ']}\r\n\tat jdk.internal.reflect.GeneratedConstructorAccessor64.newInstance(Unknown Source)\r\n\tat java.base/jdk.internal.reflect.DelegatingConstructorAccessorImpl.newInstance(DelegatingConstructorAccessorImpl.java:45)\r\n\tat java.base/java.lang.reflect.Constructor.newInstance(Constructor.java:490)\r\n\tat org.openqa.selenium.remote.http.W3CHttpResponseCodec.createException(W3CHttpResponseCodec.java:185)\r\n\tat org.openqa.selenium.remote.http.W3CHttpResponseCodec.decode(W3CHttpResponseCodec.java:120)\r\n\tat org.openqa.selenium.remote.http.W3CHttpResponseCodec.decode(W3CHttpResponseCodec.java:49)\r\n\tat org.openqa.selenium.remote.HttpCommandExecutor.execute(HttpCommandExecutor.java:164)\r\n\tat org.openqa.selenium.remote.service.DriverCommandExecutor.execute(DriverCommandExecutor.java:83)\r\n\tat org.openqa.selenium.remote.RemoteWebDriver.execute(RemoteWebDriver.java:586)\r\n\tat org.openqa.selenium.remote.RemoteWebDriver.findElement(RemoteWebDriver.java:356)\r\n\tat org.openqa.selenium.remote.RemoteWebDriver.findElementByCssSelector(RemoteWebDriver.java:450)\r\n\tat org.openqa.selenium.By$ByCssSelector.findElement(By.java:430)\r\n\tat org.openqa.selenium.remote.RemoteWebDriver.findElement(RemoteWebDriver.java:348)\r\n\tat org.openqa.selenium.support.pagefactory.DefaultElementLocator.findElement(DefaultElementLocator.java:69)\r\n\tat org.openqa.selenium.support.pagefactory.internal.LocatingElementHandler.invoke(LocatingElementHandler.java:38)\r\n\tat com.sun.proxy.$Proxy15.isDisplayed(Unknown Source)\r\n\tat org.openqa.selenium.support.ui.ExpectedConditions.elementIfVisible(ExpectedConditions.java:301)\r\n\tat org.openqa.selenium.support.ui.ExpectedConditions.access$100(ExpectedConditions.java:43)\r\n\tat org.openqa.selenium.support.ui.ExpectedConditions$10.apply(ExpectedConditions.java:287)\r\n\tat org.openqa.selenium.support.ui.ExpectedConditions$10.apply(ExpectedConditions.java:284)\r\n\tat org.openqa.selenium.support.ui.FluentWait.until(FluentWait.java:208)\r\n\t... 33 more\r\n","steps":[{"name":"User login sandbox with the correct credentials","time":{"start":1691154285682,"stop":1691154294435,"duration":8753},"status":"passed","steps":[],"attachments":[],"parameters":[{"name":"usernameValue","value":"jayant.rajput@infobeans.com.regsb"},{"name":"passwordValue","value":"Sales@12345"}],"hasContent":true,"stepsCount":0,"shouldDisplayMessage":false,"attachmentsCount":0},{"name":"Fill the data in the lead page","time":{"start":1691154294436,"stop":1691154323473,"duration":29037},"status":"passed","steps":[{"name":"Add the random name middle name and the last name","time":{"start":1691154294436,"stop":1691154305208,"duration":10772},"status":"passed","steps":[],"attachments":[],"parameters":[{"name":"firstNameValue","value":"Autmation551"},{"name":"MiddleNameValue","value":"Automation"},{"name":"lastNameValue","value":"Autmation11401"}],"hasContent":true,"stepsCount":0,"shouldDisplayMessage":false,"attachmentsCount":0},{"name":"Fill the data form dropdown to create lead","time":{"start":1691154305209,"stop":1691154305897,"duration":688},"status":"passed","steps":[],"attachments":[],"parameters":[{"name":"dropdownTypes","value":"Customer Type, --None--"},{"name":"dropdownValues","value":"New Customer"}],"hasContent":true,"stepsCount":0,"shouldDisplayMessage":false,"attachmentsCount":0},{"name":"Fill the data form dropdown to create lead","time":{"start":1691154306298,"stop":1691154307139,"duration":841},"status":"passed","steps":[],"attachments":[],"parameters":[{"name":"dropdownTypes","value":"Sales Type, --None--"},{"name":"dropdownValues","value":"Institutional"}],"hasContent":true,"stepsCount":0,"shouldDisplayMessage":false,"attachmentsCount":0},{"name":"Fill the data form dropdown to create lead","time":{"start":1691154307139,"stop":1691154308138,"duration":999},"status":"passed","steps":[],"attachments":[],"parameters":[{"name":"dropdownTypes","value":"Property Usage, --None--"},{"name":"dropdownValues","value":"Corporate"}],"hasContent":true,"stepsCount":0,"shouldDisplayMessage":false,"attachmentsCount":0},{"name":"Fill the data form dropdown to create lead","time":{"start":1691154308138,"stop":1691154309217,"duration":1079},"status":"passed","steps":[],"attachments":[],"parameters":[{"name":"dropdownTypes","value":"Project, --None--"},{"name":"dropdownValues","value":"Al Bandar Plaza"}],"hasContent":true,"stepsCount":0,"shouldDisplayMessage":false,"attachmentsCount":0},{"name":"Fill the data form dropdown to create lead","time":{"start":1691154309218,"stop":1691154311279,"duration":2061},"status":"passed","steps":[],"attachments":[],"parameters":[{"name":"dropdownTypes","value":"Sales Origin, --None--"},{"name":"dropdownValues","value":"Domestic"}],"hasContent":true,"stepsCount":0,"shouldDisplayMessage":false,"attachmentsCount":0},{"name":"Fill the data form dropdown to create lead","time":{"start":1691154311279,"stop":1691154313456,"duration":2177},"status":"passed","steps":[],"attachments":[],"parameters":[{"name":"dropdownTypes","value":"Method of Contact, --None--"},{"name":"dropdownValues","value":"Walk-In"}],"hasContent":true,"stepsCount":0,"shouldDisplayMessage":false,"attachmentsCount":0},{"name":"Fill the data form dropdown to create lead","time":{"start":1691154313456,"stop":1691154315818,"duration":2362},"status":"passed","steps":[],"attachments":[],"parameters":[{"name":"dropdownTypes","value":"Enquiry Category, --None--"},{"name":"dropdownValues","value":"Roadshow"}],"hasContent":true,"stepsCount":0,"shouldDisplayMessage":false,"attachmentsCount":0},{"name":"Fill the data form dropdown to create lead","time":{"start":1691154315818,"stop":1691154318332,"duration":2514},"status":"passed","steps":[],"attachments":[],"parameters":[{"name":"dropdownTypes","value":"Enquiry Trigger, --None--"},{"name":"dropdownValues","value":"International Events & Exhibitions"}],"hasContent":true,"stepsCount":0,"shouldDisplayMessage":false,"attachmentsCount":0},{"name":"Click on save button","time":{"start":1691154318332,"stop":1691154323473,"duration":5141},"status":"passed","steps":[],"attachments":[],"parameters":[],"hasContent":false,"stepsCount":0,"shouldDisplayMessage":false,"attachmentsCount":0}],"attachments":[],"parameters":[{"name":"firstName","value":"Autmation551"},{"name":"middleName","value":"Automation"},{"name":"LastName","value":"Autmation11401"}],"hasContent":true,"stepsCount":10,"shouldDisplayMessage":false,"attachmentsCount":0},{"name":"Get the unique id of the lead from the lead page","time":{"start":1691154323473,"stop":1691154324894,"duration":1421},"status":"passed","steps":[],"attachments":[],"parameters":[],"hasContent":false,"stepsCount":0,"shouldDisplayMessage":false,"attachmentsCount":0},{"name":"Validate the status of the lead after click on the lead that is inprocess or completed","time":{"start":1691154324894,"stop":1691154326726,"duration":1832},"status":"passed","steps":[],"attachments":[],"parameters":[],"hasContent":false,"stepsCount":0,"shouldDisplayMessage":false,"attachmentsCount":0},{"name":"logout from the account","time":{"start":1691154326987,"stop":1691154327593,"duration":606},"status":"passed","steps":[],"attachments":[],"parameters":[],"hasContent":false,"stepsCount":0,"shouldDisplayMessage":false,"attachmentsCount":0},{"name":"User login sandbox with the correct credentials","time":{"start":1691154327593,"stop":1691154335000,"duration":7407},"status":"passed","steps":[],"attachments":[],"parameters":[{"name":"usernameValue","value":"arbaaz.khan@infobeans.com.regsb"},{"name":"passwordValue","value":"Amk@0101.IT1"}],"hasContent":true,"stepsCount":0,"shouldDisplayMessage":false,"attachmentsCount":0},{"name":"Applied asserations After login Serach button is displayed","time":{"start":1691154335000,"stop":1691154335069,"duration":69},"status":"passed","steps":[],"attachments":[],"parameters":[],"hasContent":false,"stepsCount":0,"shouldDisplayMessage":false,"attachmentsCount":0},{"name":"globally search for the lead and click on the lead","time":{"start":1691154335070,"stop":1691154434507,"duration":99437},"status":"broken","statusMessage":"Expected condition failed: waiting for visibility of Proxy element for: DefaultElementLocator 'By.cssSelector: div[class='actions ']' (tried for 20 second(s) with 500 MILLISECONDS interval)","statusTrace":"org.openqa.selenium.TimeoutException: Expected condition failed: waiting for visibility of Proxy element for: DefaultElementLocator 'By.cssSelector: div[class='actions ']' (tried for 20 second(s) with 500 MILLISECONDS interval)\r\n\tat org.openqa.selenium.support.ui.WebDriverWait.timeoutException(WebDriverWait.java:82)\r\n\tat org.openqa.selenium.support.ui.FluentWait.until(FluentWait.java:231)\r\n\tat Pom.Person.LeadChagesAdmin.searchLeadAndUpdateIt(LeadChagesAdmin.java:109)\r\n\tat Test.Person.UnitSelection.exclamationMarkSkipTwoDocTC0011(UnitSelection.java:551)\r\n\tat java.base/jdk.internal.reflect.NativeMethodAccessorImpl.invoke0(Native Method)\r\n\tat java.base/jdk.internal.reflect.NativeMethodAccessorImpl.invoke(NativeMethodAccessorImpl.java:62)\r\n\tat java.base/jdk.internal.reflect.DelegatingMethodAccessorImpl.invoke(DelegatingMethodAccessorImpl.java:43)\r\n\tat java.base/java.lang.reflect.Method.invoke(Method.java:566)\r\n\tat org.testng.internal.invokers.MethodInvocationHelper.invokeMethod(MethodInvocationHelper.java:135)\r\n\tat org.testng.internal.invokers.TestInvoker.invokeMethod(TestInvoker.java:673)\r\n\tat org.testng.internal.invokers.TestInvoker.retryFailed(TestInvoker.java:262)\r\n\tat org.testng.internal.invokers.MethodRunner.runInSequence(MethodRunner.java:62)\r\n\tat org.testng.internal.invokers.TestInvoker$MethodInvocationAgent.invoke(TestInvoker.java:945)\r\n\tat org.testng.internal.invokers.TestInvoker.invokeTestMethods(TestInvoker.java:193)\r\n\tat org.testng.internal.invokers.TestMethodWorker.invokeTestMethods(TestMethodWorker.java:146)\r\n\tat org.testng.internal.invokers.TestMethodWorker.run(TestMethodWorker.java:128)\r\n\tat java.base/java.util.ArrayList.forEach(ArrayList.java:1541)\r\n\tat org.testng.TestRunner.privateRun(TestRunner.java:808)\r\n\tat org.testng.TestRunner.run(TestRunner.java:603)\r\n\tat org.testng.SuiteRunner.runTest(SuiteRunner.java:429)\r\n\tat org.testng.SuiteRunner.runSequentially(SuiteRunner.java:423)\r\n\tat org.testng.SuiteRunner.privateRun(SuiteRunner.java:383)\r\n\tat org.testng.SuiteRunner.run(SuiteRunner.java:326)\r\n\tat org.testng.SuiteRunnerWorker.runSuite(SuiteRunnerWorker.java:52)\r\n\tat org.testng.SuiteRunnerWorker.run(SuiteRunnerWorker.java:95)\r\n\tat org.testng.TestNG.runSuitesSequentially(TestNG.java:1249)\r\n\tat org.testng.TestNG.runSuitesLocally(TestNG.java:1169)\r\n\tat org.testng.TestNG.runSuites(TestNG.java:1092)\r\n\tat org.testng.TestNG.run(TestNG.java:1060)\r\n\tat org.apache.maven.surefire.testng.TestNGExecutor.run(TestNGExecutor.java:281)\r\n\tat org.apache.maven.surefire.testng.TestNGXmlTestSuite.execute(TestNGXmlTestSuite.java:75)\r\n\tat org.apache.maven.surefire.testng.TestNGProvider.invoke(TestNGProvider.java:121)\r\n\tat org.apache.maven.surefire.booter.ForkedBooter.invokeProviderInSameClassLoader(ForkedBooter.java:290)\r\n\tat org.apache.maven.surefire.booter.ForkedBooter.runSuitesInProcess(ForkedBooter.java:242)\r\n\tat org.apache.maven.surefire.booter.ForkedBooter.main(ForkedBooter.java:121)\r\nCaused by: org.openqa.selenium.NoSuchElementException: no such element: Unable to locate element: {\"method\":\"css selector\",\"selector\":\"div[class='actions ']\"}\n  (Session info: chrome=115.0.5790.110)\nFor documentation on this error, please visit: http://seleniumhq.org/exceptions/no_such_element.html\nBuild info: version: '3.6.0', revision: '6fbf3ec767', time: '2017-09-27T15:28:36.4Z'\nSystem info: host: 'fv-az277-167', ip: '10.1.0.39', os.name: 'Windows Server 2022', os.arch: 'amd64', os.version: '10.0', java.version: '11.0.20'\nDriver info: org.openqa.selenium.chrome.ChromeDriver\nCapabilities [{networkConnectionEnabled=false, chrome={chromedriverVersion=114.0.5735.90 (386bc09e8f4f2e025eddae123f36f6263096ae49-refs/branch-heads/5735@{#1052}), userDataDir=C:\\Windows\\SystemTemp\\scoped_dir6584_1918499929}, timeouts={implicit=0, pageLoad=300000, script=30000}, pageLoadStrategy=normal, unhandledPromptBehavior=dismiss and notify, strictFileInteractability=false, platform=WINDOWS, proxy=Proxy(), webauthn:extension:minPinLength=true, goog:chromeOptions={debuggerAddress=localhost:64307}, webauthn:extension:credBlob=true, webauthn:extension:prf=true, acceptInsecureCerts=false, browserVersion=115.0.5790.110, browserName=chrome, javascriptEnabled=true, platformName=WINDOWS, setWindowRect=true, webauthn:extension:largeBlob=true, webauthn:virtualAuthenticators=true}]\nSession ID: 613b18d2ec7387881bf5cfc2da0e8fc9\n*** Element info: {Using=css selector, value=div[class='actions ']}\r\n\tat jdk.internal.reflect.GeneratedConstructorAccessor64.newInstance(Unknown Source)\r\n\tat java.base/jdk.internal.reflect.DelegatingConstructorAccessorImpl.newInstance(DelegatingConstructorAccessorImpl.java:45)\r\n\tat java.base/java.lang.reflect.Constructor.newInstance(Constructor.java:490)\r\n\tat org.openqa.selenium.remote.http.W3CHttpResponseCodec.createException(W3CHttpResponseCodec.java:185)\r\n\tat org.openqa.selenium.remote.http.W3CHttpResponseCodec.decode(W3CHttpResponseCodec.java:120)\r\n\tat org.openqa.selenium.remote.http.W3CHttpResponseCodec.decode(W3CHttpResponseCodec.java:49)\r\n\tat org.openqa.selenium.remote.HttpCommandExecutor.execute(HttpCommandExecutor.java:164)\r\n\tat org.openqa.selenium.remote.service.DriverCommandExecutor.execute(DriverCommandExecutor.java:83)\r\n\tat org.openqa.selenium.remote.RemoteWebDriver.execute(RemoteWebDriver.java:586)\r\n\tat org.openqa.selenium.remote.RemoteWebDriver.findElement(RemoteWebDriver.java:356)\r\n\tat org.openqa.selenium.remote.RemoteWebDriver.findElementByCssSelector(RemoteWebDriver.java:450)\r\n\tat org.openqa.selenium.By$ByCssSelector.findElement(By.java:430)\r\n\tat org.openqa.selenium.remote.RemoteWebDriver.findElement(RemoteWebDriver.java:348)\r\n\tat org.openqa.selenium.support.pagefactory.DefaultElementLocator.findElement(DefaultElementLocator.java:69)\r\n\tat org.openqa.selenium.support.pagefactory.internal.LocatingElementHandler.invoke(LocatingElementHandler.java:38)\r\n\tat com.sun.proxy.$Proxy15.isDisplayed(Unknown Source)\r\n\tat org.openqa.selenium.support.ui.ExpectedConditions.elementIfVisible(ExpectedConditions.java:301)\r\n\tat org.openqa.selenium.support.ui.ExpectedConditions.access$100(ExpectedConditions.java:43)\r\n\tat org.openqa.selenium.support.ui.ExpectedConditions$10.apply(ExpectedConditions.java:287)\r\n\tat org.openqa.selenium.support.ui.ExpectedConditions$10.apply(ExpectedConditions.java:284)\r\n\tat org.openqa.selenium.support.ui.FluentWait.until(FluentWait.java:208)\r\n\t... 33 more\r\n","steps":[],"attachments":[],"parameters":[{"name":"value","value":"L00415969"}],"hasContent":true,"stepsCount":0,"shouldDisplayMessage":true,"attachmentsCount":0}],"attachments":[],"parameters":[],"hasContent":true,"stepsCount":18,"shouldDisplayMessage":false,"attachmentsCount":0},"afterStages":[{"name":"closeWindow","time":{"start":1691154434507,"stop":1691154434699,"duration":192},"description":"","status":"passed","steps":[],"attachments":[],"parameters":[],"hasContent":false,"stepsCount":0,"shouldDisplayMessage":false,"attachmentsCount":0},{"name":"tearDown","time":{"start":1691160907333,"stop":1691160907442,"duration":109},"description":"","status":"passed","steps":[],"attachments":[],"parameters":[],"hasContent":false,"stepsCount":0,"shouldDisplayMessage":false,"attachmentsCount":0},{"name":"logout","time":{"start":1691160907333,"stop":1691160907333,"duration":0},"description":"","status":"passed","steps":[],"attachments":[],"parameters":[],"hasContent":false,"stepsCount":0,"shouldDisplayMessage":false,"attachmentsCount":0}],"labels":[{"name":"package","value":"Test.Person.UnitSelection"},{"name":"testClass","value":"Test.Person.UnitSelection"},{"name":"testMethod","value":"exclamationMarkSkipTwoDocTC0011"},{"name":"parentSuite","value":"Suite"},{"name":"suite","value":"Test"},{"name":"subSuite","value":"Test.Person.UnitSelection"},{"name":"host","value":"fv-az277-167"},{"name":"thread","value":"6020@fv-az277-167.main(1)"},{"name":"framework","value":"testng"},{"name":"language","value":"java"},{"name":"resultFormat","value":"allure2"}],"parameters":[],"links":[],"hidden":true,"retry":true,"extra":{"categories":[],"tags":[]},"source":"f1e70f714173aa48.json","parameterValues":[]}